
15 17

1 13
15 16
1 3
15 17
13 17
13 17
15 17
17 19

1 3
15 19
3 15
16 19
15 19
3 17
3 13
16 17
13 16
1 5
3 15
1 8
5 8
15 17
8 15
8 18
5 15
17 18

5 17
5 15
3 15
1 15
17 18
17 18
3 8
3 8
3 8
8 15
10 11
9 11
4 9
1 4

16 18
11 16
9 11
4 18
9 16
10 11
9 11
16 18
11 18

1 9
1 10
9 16
4 18
1 11
15 20
6 10
15 20
17 20
15 17
10 20
6 15
10 17
10 20


15 20
1 6
10 15
1 7

6 17
10 15
6 7
7 17
1 4
10 20
1 10
10 17
4 10
4 20
16 17
1 16
4 16
10 17
4 17
17 20

10 20
16 20
2 16
4 10
1 16
4 16

1 14
9 12
9 20
14 20
12 18
9 19
1 14
18 19
9 18
9 14
1 18
12 14
12 19
9 18
12 14
14 18
14 19
1 12
12 19

1 3
12 14
1 10
12 14

1 10
3 10
3 12
7 14
3 12
1 7
12 14
7 10
3 12

7 10
3 7
12 16
7 16
12 14
13 18
5 13
18 20
1 7
13 18
1 13
13 20
1 7
1 5
1 20
13 20
1 5
5 18
1 4
4 20
1 18
4 7
1 13
1 18
18 20
1 17
16 17
8 16
8 19
16 19
8 9
1 8
8 19
13 16
9 13
1 17
17 19
9 17
8 16
9 17
13 16
9 17
8 16
1 9
9 17

1 7
2 14
12 14
14 20
14 20
7 12
2 12
12 20
2 14
14 20
2 7
7 15

1 14
7 14
2 14

12 14

4 20
10 12

1 10
10 20
1 12
4 10
4 20
4 13
13 20
10 20
10 20
1 4

4 12
10 12
12 20

13 20
12 13
6 15
7 18
11 15
11 18
6 11
1 15
6 11
1 3
1 6
1 6
6 15
3 6
3 7
6 15
7 18
7 15
3 6
7 11
6 18
1 15
9 13
7 9
13 14

13 15

1 14
1 9
13 15
13 14
1 14
13 19
9 13
7 14
15 19
7 19
9 13
14 19
1 13
13 15
7 10
6 10
6 19
1 10
7 13
1 13
6 19
7 13
13 19
6 7
10 13
1 17
7 13
7 17
6 7
1 13
10 13
13 19
1 6
1 10
14 18
6 12
7 15
12 14
7 14
7 18
14 15
7 15
1 14
1 15
7 15
1 7
14 15
1 6
7 14
6 7
7 14
7 18
12 15

9 14
9 14
7 14
1 10
14 19

9 10

10 19
9 14

14 16
9 14
7 14
1 7
1 10
9 16
9 14
1 19
1 19
10 20
10 11
10 11
1 3
16 20
10 11
9 20
9 10
3 10

1 3
3 9
10 11
3 9
9 10
16 20
9 11
1 9
9 20
1 16
11 15
11 15
11 19
7 14
7 15
5 7
7 14
5 11
7 11
11 15
1 14


5 19
11 19
5 11
5 19
7 11
15 19
5 19
18 19
1 17
5 10
18 19
1 17
1 17

1 17
6 18
6 19
1 17
5 10
6 19
5 6
17 18
17 19
1 19
6 17
5 6
17 19
1 3
1 9
3 5
4 9
3 5
4 18
5 9
4 9
3 9

5 10
4 5
5 18
4 5


1 3
1 4
1 5
9 10
9 12
6 9
6 9
9 12
6 12
12 18

12 15
1 6
6 12
1 15
1 6
9 15
6 12
12 18


1 15
12 18
6 9
15 18
3 18
3 16
15 20
16 20
1 16
15 18
3 16
3 16
16 20

16 20
16 18

15 20

15 18
15 18
16 18

1 14
11 13
10 11
13 14
3 10
8 14
3 10
11 13
3 13

1 11
3 8
3 14
3 11

8 11
1 3
11 13
3 11
1 11
9 12
7 18
11 18
7 12
1 7
7 12
5 7
5 7
7 11
7 9
7 18
5 9
7 11

11 12
1 7
1 5
1 5
5 9
7 11

1 5
4 16
5 16

5 16
5 16
7 16
5 7
16 19
1 17
7 16
1 4
16 19
5 16
16 19

5 16
1 16
7 17
2 5
2 5

1 5
1 10
10 11
10 16
10 16
11 16
1 10
5 14
14 16
5 11
5 14
2 11
2 16

2 10
10 11
1 10
10 13
10 16
4 7
4 17
7 10
10 13
7 10
7 10
7 13
7 13

4 7
7 10
13 17
10 16
7 17
4 10
4 10
4 10
13 17
14 15
6 15
1 6
4 14

4 6
9 14
1 4
9 15

6 9
1 4
15 17
6 15
6 9
4 15
15 17
6 15
4 15

1 12
7 17

7 18
4 17
18 20
12 20
7 18
17 20

7 17
17 20
4 18

7 17
18 20
7 12
1 17
4 17
4 12
2 6
6 13
1 17
1 15
6 13
8 15
2 15
8 13
6 13
8 13
8 13
13 15

6 13
8 17
1 6
1 8
2 13
13 17
6 8
6 12
2 6
2 15
7 12
6 12
2 6

1 6
7 12
7 12
1 15
6 12
6 12
6 7
6 12
7 15
1 2
2 12
12 16
2 12
2 3
2 3
1 5
5 7
3 5
7 9
3 7

3 5
3 5
7 9

3 7
3 7
7 9
5 9
3 5
5 9
2 5
7 9

6 14
16 18
1 14
16 18
1 16

2 19
18 19
6 16
6 16
18 19
16 19
6 14
2 6
14 19
6 18
2 19
14 16
2 6
16 18
5 16
6 16
9 16


9 20
16 20
1 9
16 18
5 16
6 20
16 18

5 6
5 18
1 9
9 16
6 18
5 6
1 17
9 15
15 17
6 17
1 18
1 6
1 17
1 15

6 17
1 9

5 9
6 9
9 18
5 15

17 18
5 6
1 17
16 18
1 9
16 18
8 9
9 15
9 15
1 15
1 18
8 9
15 16
9 16
1 9
9 15
1 15
16 18
1 18
16 18
15 17
9 16
17 18
17 18
13 16
14 17
14 16
13 14

16 17
13 16
1 17
13 14
13 14
1 17
13 14

1 18
13 14
14 17
13 14
13 14
13 16
11 13
1 13

7 16
11 16
7 13
11 15
13 16
13 15

7 16
7 18

15 16
1 16

1 13
1 13

11 16
13 15
9 18
1 15
2 9


9 13
1 4

4 13

9 13

15 18
1 4

2 4
1 2

1 13
6 11
8 18
8 17
7 11
8 17
1 6
1 7
7 17
6 7
11 18
6 7

6 8

6 8

1 11
1 7
6 17
6 11
4 8
1 19
8 20
4 19

1 8
4 20
2 19
1 4
1 6
2 4
2 4
2 20
19 20
4 6
1 8
2 6
4 19
1 8

2 12
2 14
2 19
12 17


1 2


2 17
1 2
1 19
2 17

17 20
17 19
17 20
12 20
2 14
1 12
5 16
1 7
10 18
7 16
1 4
10 16
5 10
4 5
5 10
7 18

7 10
5 10

4 16
7 10
4 18
7 18

10 16
9 19
4 19
2 6
6 19
1 2
9 18
2 6
6 9
4 18
2 18
2 6
1 18

2 18
4 6
6 18
1 2
2 18
18 19
18 19
8 11
10 18
10 11
11 15
11 15

10 18

1 7
10 18
7 15
7 8
1 15

7 10
7 15
7 8
7 15
10 11
15 18
4 7
7 19
4 12

1 12
1 7
8 12
19 20
8 12
7 12
8 12
1 7
1 7
4 19
8 19
1 7
8 12
1 8
1 4

5 15
5 15
1 15

1 15
1 2
5 10
1 18
2 20
1 5
10 15
1 5
1 2
5 15
5 15
1 20
2 10
10 18
1 5

2 7
1 16
2 7
7 19

2 8
1 19

6 7
6 16
1 19
6 7
2 6
1 16
1 19
6 7
7 16
6 8
6 19
6 8
15 17

8 17
8 13
1 8
3 15
3 13
3 13
1 8
3 15
8 13
8 13
13 17
7 8
3 13
13 17
3 8
8 15
8 17
3 15
9 14

9 14
9 14
9 10
5 15
5 10
9 10
4 14
1 5
5 9
1 10

4 9
10 14
5 10
9 10
5 9
5 10
4 5
1 5
2 16
5 14
5 14
16 18
14 18

14 18

14 16
5 12
12 16
12 14
12 14
5 16
2 12
5 14
1 12
2 18
14 18
7 20
1 5
6 19
6 7
1 19
5 6

6 19
1 6
5 7
1 20
10 20
7 19
5 10
5 10
5 6
5 6
7 19
6 7
6 19
1 7
4 10
1 4
7 20
7 20
5 20
4 5


10 20

1 7
4 20
5 7
1 20
5 20
1 2
4 5
7 20
1 7
9 17
10 17
9 14
14 17
14 19
10 14
2 10

17 19
9 10
14 17

9 19
9 10

14 17
9 10
1 19
10 14
1 2
5 7
15 17
9 15
1 17

15 17
5 9
7 9
5 12

7 12
1 17
7 12
9 12
12 17
9 15
5 12
15 17
1 9
1 7
14 17
14 17
14 19
14 17
1 5

14 19
14 17
17 19
1 19
13 17
5 18
14 18
18 19


5 13
14 17
5 13
1 19


1 5
3 14
8 20
1 3
8 14
3 20
14 20
2 5
1 2
8 20

1 3
2 3
1 2
8 14
1 5
1 20
3 8
6 15
4 16
4 20
11 15
15 20
1 15
4 11
1 4
4 20
1 4
4 6

6 16
1 11
16 20
6 15
11 15
6 15
15 16
1 15
13 16
13 16
1 13
13 19
13 16
1 16
9 13
1 13
1 19
13 16

10 16
16 19
6 9
1 16
9 16
9 19
13 16
6 10
1 16
1 7
15 17
15 17
1 15
1 11
1 15
7 11
11 17
11 18
1 11
7 17

7 15
1 11
15 17
1 18

11 17
7 15
6 11
1 11
11 16

12 16
9 11
2 11

11 16
11 12
9 12

11 12
2 9
2 14
9 12

2 11
1 2

9 11
1 3

12 13
13 17

2 8
3 12
3 13
2 8
3 13
3 12
1 8
1 12
1 8
1 12
12 13
3 13
2 12
2 17
2 12
6 18

6 15
10 18
3 6
10 15
3 15
15 18
6 10
1 5
5 15
5 10
3 6
1 6
15 18
5 10

6 10
5 6
1 6
9 10
1 8
1 8
2 8

8 9
8 10
2 9
4 9
2 8
4 10

8 10
1 4
9 10
2 8
9 10


4 8
15 16
5 12
15 16
10 12
10 19
1 5
15 16
5 15
1 12
5 15
10 15
5 19
5 19
12 15
15 16
12 15
10 19
1 5
5 15
1 10
4 11
11 14
14 20
5 17
4 11
11 14
5 17
5 17
11 17
4 20
11 14
4 14
14 20
11 14
11 17
14 17
14 17
5 17
5 17
1 11
3 6
8 9
8 9
2 6
3 8
3 6
1 3
3 8
3 8
3 8
3 6
3 9
6 7
7 9
6 8
6 7
6 7
2 6
3 8

4 18
1 13
12 15
12 15
6 13
13 18
6 13

6 18
1 6
1 12
6 18
4 13
12 18
4 12
4 12
1 12
12 15
1 4
6 13
11 16
1 17
4 16
4 16
3 11
4 16
4 13
3 13
4 17
3 11
3 13
3 11
1 11
1 4
3 11

3 16

1 11

7 19

7 10
10 11
1 10
1 10
1 10
1 7
2 10

2 20
11 19
10 11
7 19
11 19
2 20
19 20
7 11
2 10
10 11
9 15
11 15
8 15
11 15
11 17
1 11
1 17
8 15
1 9
8 9

15 17
1 15
1 17
8 9
9 11

16 17
9 16
11 17
5 13
5 13
8 13
1 14
13 14
9 13
1 14
9 13
1 4
4 8
5 14
4 8
8 9
8 9
1 5
8 13
4 8
1 9
9 13
4 5
6 11
1 11
2 18
2 6
1 11
4 18
2 6
1 2
2 6
1 2
6 11
1 6

2 18
15 18
1 15
4 11
11 15
6 11
2 6
7 10

7 16
3 7
7 14
7 18

7 14
10 18
16 18
10 18
1 10
1 14
14 18
14 18

16 18
7 10
14 16
10 16
12 13
11 18
1 12
6 13
11 13
13 14
12 18
1 6

1 14
1 11
6 11

1 13
11 13
12 13
1 14
14 18
12 14
6 12
4 16
7 16
5 16

2 5
4 12
2 4

4 7

4 5
7 16
7 12
5 12

1 7
4 5
5 7
2 16
5 12
10 13
4 5
10 13
4 13
1 5
9 13
4 9
13 18
4 5
5 10
5 9
5 9
1 5
1 5
5 10
5 9
1 4
1 10
5 9
5 10

8 18
6 15
6 8
6 9
8 9
9 15
15 16
16 18
9 15
9 15
9 15
6 8
9 16
1 8
9 18
9 16
8 9
8 18
9 15

1 3
5 18
3 18
1 3
1 12
12 18
3 5
3 5
1 15
1 12
12 18
15 18
1 3
12 15
5 15
7 12
7 15
3 12
1 15
1 3
2 5
2 8
1 14
14 19
1 5
3 14
8 14
1 5
1 5
5 14

2 5
2 14
2 5
2 8
3 5
1 5
8 19
1 14
11 12
5 11
11 20
4 11
5 17
4 11
4 20

1 4
1 12

1 5
1 12
4 17
5 12
11 12
11 20
4 20
4 11
4 20
4 10
13 15
1 4
4 10
4 18
13 18
13 18
4 14
13 14
1 15
1 15
4 15

13 15
1 4
10 14
10 14
15 18
13 15
4 14
6 8
1 2


2 8
2 8
14 19
6 14
2 7
6 19
2 6
2 7
6 8
6 14
8 19
2 14
7 14
2 8
2 8
2 14
6 7
7 18
4 7
1 19
6 10
7 19
1 19
10 18
4 10
4 18
1 6
1 6
10 18
1 19
10 18
10 18
7 18
4 10

6 7
1 5
15 19
1 12
1 11

5 19
12 19
5 19
5 11
5 15
5 6

11 15
5 11
1 6
12 15
5 15

5 6
12 15
7 8
11 14

7 11
8 11
11 17
14 17
7 11
7 8
11 14
1 11

1 9
1 8
11 17
8 9
8 9
1 9
7 11
7 11
7 13
6 7
2 6
3 13

2 13
6 7
3 7
3 14
2 6
3 6
3 7
7 14
7 13
2 13
2 6
3 6

1 3

14 16
5 14
16 18
3 14
5 14
2 3
2 16
2 14
5 18
14 18
3 14
5 14
1 14

5 14
16 18
5 14
3 14
5 14
14 16
9 16

4 16
9 10
5 10
9 16
10 20
10 20
10 16
4 16
5 9
1 9
4 20
10 20

5 16
4 5
5 16
5 16
5 16
3 8
1 19
1 8

10 18
3 18
1 8
1 8
10 16
16 19
1 8
1 8
10 18
1 8
1 16
3 8
10 16
3 8
10 16
3 8
16 19
11 18


1 14
11 14
2 18
2 16
2 11
2 18
14 16
2 18
1 11

18 19
2 11
11 16
1 14
1 11
1 18
10 18
7 14

18 20
10 20
5 14
5 10
1 5
5 7
7 18

10 14

5 18
7 20
18 20
5 10
5 14
1 5
5 7
1 15
17 18


15 18
6 13
11 15
15 17
11 18
11 18
1 17
13 15
15 18
6 17
11 13
1 11
11 18
1 15
1 15
1 11
8 10
5 6
5 6
5 10
1 18
8 18
6 18
5 6

1 6

8 10
5 17
1 8
1 6
6 8
8 18
8 10
5 17

5 10
1 11
5 10
1 4
6 10
1 6
6 19
4 19
4 10
10 11
1 6
6 10
5 6
11 19
1 4

5 10
11 19
1 4
5 6
17 18
6 18
1 5

2 18
1 17
5 10
1 17
5 6
6 17
5 6
1 17
6 18
2 5
6 17
6 17

2 18
5 17
2 10
11 17
13 17
8 13

8 11
17 20
11 13

17 20
8 11
13 17
1 11
11 13
11 16
1 11
11 16
8 13
1 16
11 20
1 8
6 16

6 7
2 14
1 14
2 12
7 14
2 7

1 16
1 16
2 7
2 14
7 12
14 16
2 6
1 2
7 12


5 6
6 15

1 5
6 9
4 6
6 9

6 7
6 15
4 5
4 6
5 6
9 15
1 5
7 9
1 5
1 7
5 7
5 6
