
1 19
1 2
2 19
1 2
1 8
1 3
1 8
1 3
1 10
10 13
1 13
1 13

1 12
1 12
1 15
7 10
7 10


1 8


1 9
1 19

15 19
1 15
9 13
1 9

1 9
11 18
1 18
1 11
1 11
1 17

1 17
1 17

1 10




1 17
1 17

3 17
1 3
1 3



1 12
1 5

1 18
1 5
5 10
1 5

1 5
1 7
1 7
1 7
3 7
1 19


1 19





1 7
1 10

1 18



2 15
1 2
2 15
1 15
8 10

8 10
1 10
12 17
1 12
12 17

1 3
1 3

3 8
2 8

1 2

1 19
1 2
1 19

6 18

6 18
1 18

1 7


5 15
5 15
5 15

13 20
1 20
1 13




1 17
1 15


10 15
1 2
1 6




1 6
1 5

1 14

1 14

1 2

2 15
1 4
4 16
4 16
1 16
1 18
1 20
1 18
1 20
12 16

1 16
12 16
1 9
1 9

8 9


3 9
1 9

1 20
1 20




7 17
1 3

3 11
1 3
2 18


1 2
6 10
1 6


1 7
1 4
1 4
4 7
1 8
1 8
8 19
1 8
1 15
1 15
1 15
1 15
11 16
1 11
1 16

8 14

1 14


9 10
1 9
9 10

1 8

1 8



1 2
11 19

11 19
1 19
1 6


1 6
1 16
1 15
15 16
15 16
1 13


1 2
1 15
1 11
1 15


1 9
4 9
4 9
1 4
4 10
1 10

3 16
3 16
1 3

1 7
1 7

1 16
9 19
1 19

9 19

1 14

7 14


1 3

1 11
11 16

11 16
1 12
1 12
1 7
7 12
1 17

1 13
13 17
1 20

1 2
1 2
1 17
1 17
1 17


12 17
1 12

1 16



8 14



1 16

1 17
16 17

1 2

2 5
1 7
1 7
1 7

1 13
11 13
1 13
1 13
6 9
1 6

6 9
7 8
7 8

1 8

1 12
1 6



3 17
1 3

1 3

1 3

1 8


1 13
13 17
13 17

1 4
1 4
1 4

15 18

1 15
1 15

1 18
1 15

1 10
1 8
1 8
1 8

6 17

6 17

1 3

3 6

1 7
7 11



1 11
1 11
1 5

1 5
2 5
1 13



1 4
3 4
1 4
3 4
1 5
1 7

1 7
4 10
1 4


