1x1
1x2
1x2 1x1
2x2
1x5
1x6
1x5 1x2
1x8
1x8 1x1
2x5
1x6 1x5
2x6
1x8 1x5
1x14
1x14 1x1
2x8
2x6 1x5
3x6
1x14 1x5
1x20
1x20 1x1
1x14 1x8
1x14 1x8 1x1
3x8
1x20 1x5
1x20 1x6
1x14 1x8 1x5
2x14
2x14 1x1
1x14 2x8
1x20 1x6 1x5
1x20 2x6
2x14 1x5
1x20 1x14
1x20 1x14 1x1
2x14 1x8
2x14 1x8 1x1
1x14 3x8
1x20 1x14 1x5
2x20
2x20 1x1
3x14
3x14 1x1
2x14 2x8
2x20 1x5
2x20 1x6
3x14 1x5
1x20 2x14
1x20 2x14 1x1
3x14 1x8
2x20 1x6 1x5
2x20 2x6
1x20 2x14 1x5
2x20 1x14
2x20 1x14 1x1
4x14
4x14 1x1
3x14 2x8
2x20 1x14 1x5
3x20
3x20 1x1
1x20 3x14
1x20 3x14 1x1
4x14 1x8
3x20 1x5
3x20 1x6
1x20 3x14 1x5
2x20 2x14
2x20 2x14 1x1
5x14
3x20 1x6 1x5
3x20 2x6
2x20 2x14 1x5
3x20 1x14
3x20 1x14 1x1
1x20 4x14
1x20 4x14 1x1
5x14 1x8
3x20 1x14 1x5
4x20
4x20 1x1
2x20 3x14
2x20 3x14 1x1
6x14
4x20 1x5
4x20 1x6
2x20 3x14 1x5
3x20 2x14
3x20 2x14 1x1
1x20 5x14
4x20 1x6 1x5
4x20 2x6
3x20 2x14 1x5
4x20 1x14
4x20 1x14 1x1
2x20 4x14
2x20 4x14 1x1
7x14
4x20 1x14 1x5
5x20
1x1
2x1
3x1
4x1
5x1
6x1
1x7
1x7 1x1
1x7 2x1
1x7 3x1
1x11
1x12
1x13
2x7
2x7 1x1
1x16
1x17
1x11 1x7
1x12 1x7
1x13 1x7
3x7
2x11
1x12 1x11
2x12
1x13 1x12
2x13
1x16 1x11
1x16 1x12
1x16 1x13
1x17 1x13
2x12 1x7
2x16
1x17 1x16
2x17
2x12 1x11
3x12
1x13 2x12
2x13 1x12
3x13
1x16 2x12
1x16 1x13 1x12
1x16 2x13
2x16 1x11
2x16 1x12
2x16 1x13
1x17 1x16 1x13
2x17 1x13
3x16
1x17 2x16
2x17 1x16
3x17
4x13
1x16 1x13 2x12
1x16 2x13 1x12
1x16 3x13
2x16 2x12
2x16 1x13 1x12
2x16 2x13
3x16 1x11
3x16 1x12
3x16 1x13
1x17 2x16 1x13
2x17 1x16 1x13
4x16
1x17 3x16
2x17 2x16
3x17 1x16
4x17
2x16 1x13 2x12
2x16 2x13 1x12
2x16 3x13
3x16 2x12
3x16 1x13 1x12
3x16 2x13
4x16 1x11
4x16 1x12
4x16 1x13
1x17 3x16 1x13
2x17 2x16 1x13
5x16
1x17 4x16
2x17 3x16
3x17 2x16
4x17 1x16
5x17
3x16 2x13 1x12
3x16 3x13
4x16 2x12
4x16 1x13 1x12
4x16 2x13
5x16 1x11
5x16 1x12
5x16 1x13
1x17 4x16 1x13
2x17 3x16 1x13
6x16
1x17 5x16
2x17 4x16
3x17 3x16
4x17 2x16
1x1
2x1
3x1
4x1
5x1
6x1
1x7
1x8
1x9
1x9 1x1
1x9 2x1
1x9 3x1
1x13
1x14
1x15
2x8
1x9 1x8
2x9
2x9 1x1
1x13 1x7
1x13 1x8
1x13 1x9
1x14 1x9
1x15 1x9
1x9 2x8
2x13
1x14 1x13
2x14
1x15 1x14
2x15
1x13 2x9
1x14 2x9
2x13 1x7
2x13 1x8
2x13 1x9
1x14 1x13 1x9
2x14 1x9
1x15 1x14 1x9
3x13
1x14 2x13
2x14 1x13
3x14
1x15 2x14
2x15 1x14
3x15
3x13 1x7
3x13 1x8
3x13 1x9
1x14 2x13 1x9
2x14 1x13 1x9
3x14 1x9
4x13
1x14 3x13
2x14 2x13
3x14 1x13
4x14
1x15 3x14
2x15 2x14
3x15 1x14
4x15
4x13 1x9
1x14 3x13 1x9
2x14 2x13 1x9
3x14 1x13 1x9
5x13
1x14 4x13
2x14 3x13
3x14 2x13
4x14 1x13
5x14
1x15 4x14
2x15 3x14
3x15 2x14
4x15 1x14
5x15
2x14 3x13 1x9
3x14 2x13 1x9
6x13
1x14 5x13
2x14 4x13
3x14 3x13
4x14 2x13
5x14 1x13
6x14
1x15 5x14
2x15 4x14
3x15 3x14
4x15 2x14
5x15 1x14
6x15
7x13
1x14 6x13
2x14 5x13
3x14 4x13
4x14 3x13
5x14 2x13
6x14 1x13
7x14
1x15 6x14
2x15 5x14
1x1
2x1
3x1
4x1
5x1
6x1
7x1
8x1
9x1
1x10
1x11
1x12
1x13
1x13 1x1
1x15
1x15 1x1
1x15 2x1
1x15 3x1
1x19
2x10
1x11 1x10
2x11
1x12 1x11
2x12
1x13 1x12
2x13
1x15 1x12
1x15 1x13
1x19 1x10
2x15
1x19 1x12
1x19 1x13
3x11
1x19 1x15
2x12 1x11
3x12
1x13 2x12
2x19
3x13
1x15 1x13 1x12
1x15 2x13
2x15 1x12
2x15 1x13
1x19 1x13 1x12
3x15
1x19 1x15 1x12
1x19 1x15 1x13
2x19 1x10
1x19 2x15
2x19 1x12
2x19 1x13
4x13
2x19 1x15
1x15 3x13
2x15 1x13 1x12
2x15 2x13
3x19
3x15 1x13
1x19 1x15 1x13 1x12
4x15
1x19 2x15 1x12
1x19 2x15 1x13
2x19 1x13 1x12
1x19 3x15
2x19 1x15 1x12
2x19 1x15 1x13
3x19 1x10
2x19 2x15
3x19 1x12
3x19 1x13
3x15 2x13
3x19 1x15
4x15 1x13
1x19 2x15 1x13 1x12
5x15
4x19
1x19 3x15 1x13
2x19 1x15 1x13 1x12
1x19 4x15
2x19 2x15 1x12
2x19 2x15 1x13
3x19 1x13 1x12
2x19 3x15
3x19 1x15 1x12
3x19 1x15 1x13
4x19 1x10
3x19 2x15
4x19 1x12
4x19 1x13
6x15
4x19 1x15
1x19 4x15 1x13
2x19 2x15 1x13 1x12
1x19 5x15
5x19
2x19 3x15 1x13
3x19 1x15 1x13 1x12
2x19 4x15
3x19 2x15 1x12
3x19 2x15 1x13
1x1
1x2
1x3
1x4
1x3 1x2
2x3
1x4 1x3
1x8
1x8 1x1
1x8 1x2
1x8 1x3
1x12
1x12 1x1
1x14
1x12 1x3
2x8
1x14 1x3
1x14 1x4
2x8 1x3
1x12 1x8
1x12 1x8 1x1
1x14 1x8
1x12 1x8 1x3
2x12
2x12 1x1
1x14 1x12
2x12 1x3
2x14
1x14 1x12 1x3
1x14 2x8
2x14 1x3
2x12 1x8
2x12 1x8 1x1
1x14 1x12 1x8
2x12 1x8 1x3
3x12
3x12 1x1
1x14 2x12
3x12 1x3
2x14 1x12
1x14 2x12 1x3
3x14
2x14 1x12 1x3
3x12 1x8
3x14 1x3
1x14 2x12 1x8
3x12 1x8 1x3
4x12
4x12 1x1
1x14 3x12
4x12 1x3
2x14 2x12
1x14 3x12 1x3
3x14 1x12
2x14 2x12 1x3
4x14
3x14 1x12 1x3
1x14 3x12 1x8
4x14 1x3
5x12
5x12 1x1
1x14 4x12
5x12 1x3
2x14 3x12
1x14 4x12 1x3
3x14 2x12
2x14 3x12 1x3
4x14 1x12
3x14 2x12 1x3
5x14
4x14 1x12 1x3
6x12
5x14 1x3
1x14 5x12
6x12 1x3
2x14 4x12
1x14 5x12 1x3
3x14 3x12
2x14 4x12 1x3
4x14 2x12
3x14 3x12 1x3
5x14 1x12
4x14 2x12 1x3
6x14
5x14 1x12 1x3
1x14 6x12
6x14 1x3
2x14 5x12
1x14 6x12 1x3
3x14 4x12
2x14 5x12 1x3
4x14 3x12
3x14 4x12 1x3
5x14 2x12
4x14 3x12 1x3
6x14 1x12
5x14 2x12 1x3
7x14
6x14 1x12 1x3
2x14 6x12
1x1
2x1
3x1
4x1
5x1
6x1
7x1
8x1
9x1
10x1
11x1
12x1
1x13
1x14
1x15
1x16
1x17
1x17 1x1
1x19
1x19 1x1
1x19 2x1
1x19 3x1
1x19 4x1
1x19 5x1
1x19 6x1
2x13
1x14 1x13
2x14
1x15 1x14
2x15
1x16 1x15
2x16
1x17 1x16
2x17
1x19 1x16
1x19 1x17
1x19 1x17 1x1
2x19
3x13
1x14 2x13
2x14 1x13
3x14
1x15 2x14
2x15 1x14
3x15
1x16 2x15
2x16 1x15
3x16
1x17 2x16
2x17 1x16
3x17
1x19 1x17 1x16
1x19 2x17
2x19 1x16
2x19 1x17
4x14
3x19
2x15 2x14
3x15 1x14
4x15
1x16 3x15
2x16 2x15
3x16 1x15
4x16
1x17 3x16
2x17 2x16
3x17 1x16
4x17
1x19 2x17 1x16
1x19 3x17
2x19 1x17 1x16
2x19 2x17
3x19 1x16
3x19 1x17
5x15
4x19
2x16 3x15
3x16 2x15
4x16 1x15
5x16
1x17 4x16
2x17 3x16
3x17 2x16
4x17 1x16
5x17
1x19 3x17 1x16
1x19 4x17
2x19 2x17 1x16
2x19 3x17
3x19 1x17 1x16
3x19 2x17
4x19 1x16
4x19 1x17
4x16 2x15
5x19
6x16
1x17 5x16
2x17 4x16
3x17 3x16
4x17 2x16
1x1
2x1
3x1
4x1
1x5
1x5 1x1
1x5 2x1
1x8
1x9
2x5
2x5 1x1
2x5 2x1
1x8 1x5
1x9 1x5
3x5
1x16
1x17
1x18
1x18 1x1
1x18 2x1
1x16 1x5
1x17 1x5
1x18 1x5
1x16 1x8
1x16 1x9
1x17 1x9
1x18 1x9
1x18 2x5
1x16 1x8 1x5
1x16 1x9 1x5
1x17 1x9 1x5
2x16
1x17 1x16
2x17
1x18 1x17
2x18
2x16 1x5
1x17 1x16 1x5
2x17 1x5
2x16 1x8
2x16 1x9
1x17 1x16 1x9
2x17 1x9
1x18 1x17 1x9
2x18 1x9
2x16 1x9 1x5
1x17 1x16 1x9 1x5
3x16
1x17 2x16
2x17 1x16
3x17
1x18 2x17
2x18 1x17
3x18
2x17 1x16 1x5
3x16 1x8
3x16 1x9
1x17 2x16 1x9
2x17 1x16 1x9
3x17 1x9
1x18 2x17 1x9
2x18 1x17 1x9
3x18 1x9
4x16
1x17 3x16
2x17 2x16
3x17 1x16
4x17
1x18 3x17
2x18 2x17
3x18 1x17
4x18
4x16 1x9
1x17 3x16 1x9
2x17 2x16 1x9
3x17 1x16 1x9
4x17 1x9
1x18 3x17 1x9
2x18 2x17 1x9
5x16
1x17 4x16
2x17 3x16
3x17 2x16
4x17 1x16
5x17
1x18 4x17
2x18 3x17
3x18 2x17
4x18 1x17
5x18
2x17 3x16 1x9
3x17 2x16 1x9
4x17 1x16 1x9
5x17 1x9
1x18 4x17 1x9
6x16
1x17 5x16
2x17 4x16
3x17 3x16
4x17 2x16
1x1
2x1
3x1
1x4
1x5
1x5 1x1
1x7
2x4
1x5 1x4
2x5
1x11
1x7 1x5
1x5 2x4
1x14
1x11 1x4
1x16
1x16 1x1
1x11 1x7
1x14 1x5
1x16 1x4
1x14 1x7
2x11
1x16 1x7
1x14 2x5
1x14 1x11
2x11 1x4
1x16 1x11
2x14
2x11 1x7
1x16 1x14
1x16 1x11 1x4
2x16
3x11
1x16 1x11 1x7
2x14 1x7
1x14 2x11
1x16 1x14 1x7
1x16 2x11
2x14 1x11
3x11 1x7
1x16 1x14 1x11
3x14
2x16 1x11
1x16 2x14
1x16 2x11 1x7
2x16 1x14
1x14 3x11
3x16
3x14 1x7
2x14 2x11
1x16 2x14 1x7
1x16 1x14 2x11
3x14 1x11
2x16 2x11
1x16 2x14 1x11
4x14
2x16 1x14 1x11
1x16 3x14
3x16 1x11
2x16 2x14
2x14 3x11
3x16 1x14
4x14 1x7
4x16
1x16 3x14 1x7
1x16 2x14 2x11
4x14 1x11
2x16 1x14 2x11
1x16 3x14 1x11
5x14
2x16 2x14 1x11
1x16 4x14
3x16 1x14 1x11
2x16 3x14
4x16 1x11
3x16 2x14
5x14 1x7
4x16 1x14
1x16 4x14 1x7
5x16
5x14 1x11
2x16 2x14 2x11
1x16 4x14 1x11
6x14
2x16 3x14 1x11
1x16 5x14
3x16 2x14 1x11
2x16 4x14
4x16 1x14 1x11
3x16 3x14
5x16 1x11
4x16 2x14
1x16 5x14 1x7
5x16 1x14
6x14 1x11
6x16
1x16 5x14 1x11
7x14
2x16 4x14 1x11
1x16 6x14
1x1
2x1
3x1
1x4
1x5
1x6
1x6 1x1
1x8
1x5 1x4
2x5
1x6 1x5
1x12
1x13
1x8 1x6
3x5
2x8
1x12 1x5
1x12 1x6
1x13 1x6
1x12 1x8
1x13 1x8
2x8 1x6
1x12 1x6 1x5
2x12
1x13 1x12
2x13
1x13 1x8 1x6
1x12 2x8
2x12 1x5
2x12 1x6
1x13 1x12 1x6
2x12 1x8
1x13 1x12 1x8
2x13 1x8
2x12 1x6 1x5
3x12
1x13 2x12
2x13 1x12
3x13
2x12 2x8
3x12 1x5
3x12 1x6
1x13 2x12 1x6
3x12 1x8
1x13 2x12 1x8
2x13 1x12 1x8
3x13 1x8
4x12
1x13 3x12
2x13 2x12
3x13 1x12
4x13
4x12 1x5
4x12 1x6
1x13 3x12 1x6
4x12 1x8
1x13 3x12 1x8
2x13 2x12 1x8
3x13 1x12 1x8
5x12
1x13 4x12
2x13 3x12
3x13 2x12
4x13 1x12
5x13
5x12 1x6
1x13 4x12 1x6
5x12 1x8
1x13 4x12 1x8
2x13 3x12 1x8
3x13 2x12 1x8
6x12
1x13 5x12
2x13 4x12
3x13 3x12
4x13 2x12
5x13 1x12
6x13
1x13 5x12 1x6
6x12 1x8
1x13 5x12 1x8
2x13 4x12 1x8
3x13 3x12 1x8
7x12
1x13 6x12
2x13 5x12
3x13 4x12
4x13 3x12
5x13 2x12
6x13 1x12
7x13
7x12 1x8
1x13 6x12 1x8
2x13 5x12 1x8
3x13 4x12 1x8
8x12
1x13 7x12
2x13 6x12
3x13 5x12
4x13 4x12
1x1
2x1
3x1
4x1
5x1
1x6
1x7
1x8
1x8 1x1
1x8 2x1
1x8 3x1
2x6
1x7 1x6
1x14
1x8 1x7
2x8
2x8 1x1
1x18
1x19
1x14 1x6
1x14 1x7
1x14 1x8
2x8 1x7
1x18 1x6
1x18 1x7
1x18 1x8
1x19 1x8
2x14
1x14 1x8 1x7
1x14 2x8
1x18 1x7 1x6
1x18 1x14
1x19 1x14
2x14 1x6
2x14 1x7
2x18
1x19 1x18
2x19
1x18 1x14 1x7
1x18 1x14 1x8
1x19 1x14 1x8
3x14
2x18 1x7
2x18 1x8
1x19 1x18 1x8
1x18 2x14
1x19 2x14
3x14 1x6
3x14 1x7
2x18 1x14
1x19 1x18 1x14
2x19 1x14
1x18 2x14 1x7
3x18
1x19 2x18
2x19 1x18
3x19
2x18 1x14 1x8
1x19 1x18 1x14 1x8
1x18 3x14
3x18 1x7
3x18 1x8
1x19 2x18 1x8
2x18 2x14
1x19 1x18 2x14
2x19 2x14
1x18 3x14 1x7
3x18 1x14
1x19 2x18 1x14
2x19 1x18 1x14
3x19 1x14
4x18
1x19 3x18
2x19 2x18
3x19 1x18
4x19
1x19 2x18 1x14 1x8
2x18 3x14
4x18 1x7
4x18 1x8
1x19 3x18 1x8
3x18 2x14
1x19 2x18 2x14
2x19 1x18 2x14
3x19 2x14
4x18 1x14
1x19 3x18 1x14
2x19 2x18 1x14
3x19 1x18 1x14
5x18
1x19 4x18
2x19 3x18
3x19 2x18
4x19 1x18
5x19
3x18 3x14
5x18 1x7
5x18 1x8
1x19 4x18 1x8
4x18 2x14
1x1
2x1
1x3
1x3 1x1
1x3 2x1
2x3
2x3 1x1
1x8
1x9
1x9 1x1
1x8 1x3
1x9 1x3
1x9 1x3 1x1
1x14
1x14 1x1
1x16
1x9 1x8
1x18
1x16 1x3
1x9 1x8 1x3
1x18 1x3
1x14 1x8
1x14 1x9
1x16 1x8
1x16 1x9
1x18 1x8
1x18 1x9
2x14
2x14 1x1
1x16 1x14
1x14 1x9 1x8
2x16
1x16 1x9 1x8
1x18 1x16
2x16 1x3
2x18
2x14 1x9
1x16 1x14 1x8
1x16 1x14 1x9
2x16 1x8
2x16 1x9
3x14
1x18 1x16 1x9
1x16 2x14
2x18 1x9
2x16 1x14
1x16 1x14 1x9 1x8
3x16
2x16 1x9 1x8
1x18 2x16
3x14 1x9
2x18 1x16
1x16 2x14 1x9
3x18
2x16 1x14 1x9
4x14
3x16 1x9
1x16 3x14
1x18 2x16 1x9
2x16 2x14
2x18 1x16 1x9
3x16 1x14
3x18 1x9
4x16
4x14 1x9
1x18 3x16
1x16 3x14 1x9
2x18 2x16
2x16 2x14 1x9
3x18 1x16
3x16 1x14 1x9
4x18
4x16 1x9
2x16 3x14
1x18 3x16 1x9
3x16 2x14
2x18 2x16 1x9
4x16 1x14
3x18 1x16 1x9
5x16
4x18 1x9
1x18 4x16
2x16 3x14 1x9
2x18 3x16
3x16 2x14 1x9
3x18 2x16
4x16 1x14 1x9
4x18 1x16
5x16 1x9
5x18
1x18 4x16 1x9
4x16 2x14
2x18 3x16 1x9
5x16 1x14
3x18 2x16 1x9
6x16
4x18 1x16 1x9
1x18 5x16
5x18 1x9
2x18 4x16
1x1
2x1
3x1
4x1
5x1
6x1
7x1
8x1
1x9
1x10
1x10 1x1
1x12
1x12 1x1
1x12 2x1
1x12 3x1
1x12 4x1
1x17
2x9
1x19
1x20
1x12 1x9
1x12 1x10
1x12 1x10 1x1
2x12
2x12 1x1
1x17 1x9
1x17 1x10
1x19 1x9
1x17 1x12
1x20 1x10
1x19 1x12
1x20 1x12
2x12 1x9
2x17
1x17 2x9
1x19 1x17
1x20 1x17
2x19
1x20 1x19
2x20
1x17 2x12
1x20 1x12 1x10
2x17 1x9
2x17 1x10
1x19 1x17 1x9
2x17 1x12
2x19 1x9
1x19 1x17 1x12
1x20 1x17 1x12
2x19 1x12
3x17
2x20 1x12
1x19 2x17
1x20 2x17
2x19 1x17
1x20 1x19 1x17
3x19
1x20 2x19
2x20 1x19
3x20
3x17 1x10
1x19 2x17 1x9
3x17 1x12
2x19 1x17 1x9
1x19 2x17 1x12
3x19 1x9
2x19 1x17 1x12
4x17
3x19 1x12
1x19 3x17
1x20 3x17
2x19 2x17
1x20 1x19 2x17
3x19 1x17
1x20 2x19 1x17
4x19
1x20 3x19
2x20 2x19
3x20 1x19
4x20
2x19 2x17 1x9
1x19 3x17 1x12
3x19 1x17 1x9
2x19 2x17 1x12
5x17
3x19 1x17 1x12
1x19 4x17
4x19 1x12
2x19 3x17
1x20 1x19 3x17
3x19 2x17
1x20 2x19 2x17
4x19 1x17
1x20 3x19 1x17
5x19
1x20 4x19
2x20 3x19
3x20 2x19
4x20 1x19
5x20
1x1
1x2
1x2 1x1
2x2
2x2 1x1
3x2
3x2 1x1
1x8
1x8 1x1
1x10
1x11
1x10 1x2
1x11 1x2
1x10 2x2
1x15
2x8
1x17
1x10 1x8
1x11 1x8
2x10
1x11 1x10
2x11
1x15 1x8
3x8
1x15 1x10
1x15 1x11
1x17 1x10
1x17 1x11
1x11 1x10 1x8
2x15
1x11 2x10
1x17 1x15
3x11
2x17
1x15 2x10
1x15 1x11 1x10
1x15 2x11
2x15 1x8
1x17 2x11
2x15 1x10
2x15 1x11
1x17 1x15 1x10
1x17 1x15 1x11
2x17 1x10
3x15
1x15 1x11 2x10
1x17 2x15
1x15 3x11
2x17 1x15
2x15 2x10
3x17
2x15 2x11
3x15 1x8
1x17 1x15 2x11
3x15 1x10
3x15 1x11
1x17 2x15 1x10
1x17 2x15 1x11
2x17 1x15 1x10
4x15
3x17 1x10
1x17 3x15
2x15 3x11
2x17 2x15
3x15 2x10
3x17 1x15
3x15 2x11
4x17
1x17 2x15 2x11
4x15 1x10
4x15 1x11
1x17 3x15 1x10
1x17 3x15 1x11
2x17 2x15 1x10
5x15
3x17 1x15 1x10
1x17 4x15
4x17 1x10
2x17 3x15
4x15 2x10
3x17 2x15
4x15 2x11
4x17 1x15
1x17 3x15 2x11
5x17
5x15 1x11
1x17 4x15 1x10
1x17 4x15 1x11
2x17 3x15 1x10
6x15
3x17 2x15 1x10
1x17 5x15
4x17 1x15 1x10
2x17 4x15
5x17 1x10
3x17 3x15
5x15 2x11
4x17 2x15
1x17 4x15 2x11
5x17 1x15
1x1
2x1
3x1
4x1
5x1
1x6
1x6 1x1
1x6 2x1
1x9
1x10
1x11
2x6
1x13
1x14
1x9 1x6
1x10 1x6
1x11 1x6
2x9
1x10 1x9
2x10
1x11 1x10
2x11
1x13 1x10
1x13 1x11
1x14 1x11
2x13
1x14 1x13
2x14
2x10 1x9
3x10
1x11 2x10
2x11 1x10
3x11
1x13 1x11 1x10
1x13 2x11
2x13 1x10
2x13 1x11
1x14 1x13 1x11
3x13
1x14 2x13
2x14 1x13
3x14
3x11 1x10
4x11
1x13 2x11 1x10
1x13 3x11
2x13 1x11 1x10
2x13 2x11
3x13 1x10
3x13 1x11
1x14 2x13 1x11
4x13
1x14 3x13
2x14 2x13
3x14 1x13
4x14
1x13 4x11
2x13 2x11 1x10
2x13 3x11
3x13 1x11 1x10
3x13 2x11
4x13 1x10
4x13 1x11
1x14 3x13 1x11
5x13
1x14 4x13
2x14 3x13
3x14 2x13
4x14 1x13
5x14
3x13 2x11 1x10
3x13 3x11
4x13 1x11 1x10
4x13 2x11
5x13 1x10
5x13 1x11
1x14 4x13 1x11
6x13
1x14 5x13
2x14 4x13
3x14 3x13
4x14 2x13
5x14 1x13
6x14
4x13 3x11
5x13 1x11 1x10
5x13 2x11
6x13 1x10
6x13 1x11
1x14 5x13 1x11
7x13
1x14 6x13
2x14 5x13
3x14 4x13
4x14 3x13
5x14 2x13
6x14 1x13
7x14
6x13 1x11 1x10
6x13 2x11
1x1
1x2
1x2 1x1
2x2
1x5
1x5 1x1
1x5 1x2
1x5 1x2 1x1
1x9
2x5
1x9 1x2
1x12
1x12 1x1
1x9 1x5
1x15
1x15 1x1
1x12 1x5
2x9
1x9 2x5
1x20
1x12 1x9
1x20 1x2
2x9 1x5
2x12
1x20 1x5
1x12 1x9 1x5
1x15 1x12
1x15 1x12 1x1
1x20 1x9
2x15
2x15 1x1
1x20 1x12
2x12 1x9
1x20 1x9 1x5
1x20 1x15
3x12
1x20 1x12 1x5
1x20 2x9
1x15 2x12
2x20
1x20 1x12 1x9
2x15 1x12
2x15 1x12 1x1
1x20 2x12
3x15
3x15 1x1
1x20 1x15 1x12
4x12
2x20 1x9
1x20 2x15
1x15 3x12
2x20 1x12
1x20 2x12 1x9
2x15 2x12
2x20 1x15
1x20 3x12
3x15 1x12
2x20 2x9
1x20 1x15 2x12
3x20
2x20 1x12 1x9
1x20 2x15 1x12
1x15 4x12
2x20 2x12
1x20 3x15
2x15 3x12
2x20 1x15 1x12
1x20 4x12
3x20 1x9
2x20 2x15
1x20 1x15 3x12
3x20 1x12
2x20 2x12 1x9
1x20 2x15 2x12
3x20 1x15
2x20 3x12
1x20 3x15 1x12
3x20 2x9
2x20 1x15 2x12
4x20
3x20 1x12 1x9
2x20 2x15 1x12
1x20 1x15 4x12
3x20 2x12
2x20 3x15
1x20 2x15 3x12
3x20 1x15 1x12
2x20 4x12
4x20 1x9
3x20 2x15
2x20 1x15 3x12
4x20 1x12
3x20 2x12 1x9
2x20 2x15 2x12
4x20 1x15
3x20 3x12
2x20 3x15 1x12
4x20 2x9
3x20 1x15 2x12
5x20
1x1
2x1
3x1
1x4
1x5
1x5 1x1
1x5 2x1
2x4
1x5 1x4
1x10
1x11
1x12
1x12 1x1
1x10 1x4
1x10 1x5
1x11 1x5
1x12 1x5
1x10 2x4
1x19
2x10
1x11 1x10
2x11
1x12 1x11
2x12
2x10 1x5
1x11 1x10 1x5
2x11 1x5
1x12 1x11 1x5
1x19 1x10
1x19 1x11
1x19 1x12
2x11 1x10
3x11
1x12 2x11
2x12 1x11
3x12
2x11 1x10 1x5
2x19
1x19 2x10
1x19 1x11 1x10
1x19 2x11
1x19 1x12 1x11
1x19 2x12
4x11
1x12 3x11
2x12 2x11
3x12 1x11
2x19 1x10
2x19 1x11
2x19 1x12
1x19 2x11 1x10
1x19 3x11
1x19 1x12 2x11
1x19 2x12 1x11
1x19 3x12
1x12 4x11
3x19
2x19 2x10
2x19 1x11 1x10
2x19 2x11
2x19 1x12 1x11
2x19 2x12
1x19 4x11
1x19 1x12 3x11
1x19 2x12 2x11
1x19 3x12 1x11
3x19 1x10
3x19 1x11
3x19 1x12
2x19 2x11 1x10
2x19 3x11
2x19 1x12 2x11
2x19 2x12 1x11
2x19 3x12
1x19 1x12 4x11
4x19
3x19 2x10
3x19 1x11 1x10
3x19 2x11
3x19 1x12 1x11
3x19 2x12
2x19 4x11
2x19 1x12 3x11
2x19 2x12 2x11
2x19 3x12 1x11
4x19 1x10
4x19 1x11
4x19 1x12
3x19 2x11 1x10
3x19 3x11
3x19 1x12 2x11
3x19 2x12 1x11
3x19 3x12
2x19 1x12 4x11
5x19
4x19 2x10
4x19 1x11 1x10
4x19 2x11
4x19 1x12 1x11
4x19 2x12
1x1
2x1
3x1
4x1
5x1
6x1
7x1
8x1
1x9
1x10
1x10 1x1
1x10 2x1
1x13
1x13 1x1
1x13 2x1
1x13 3x1
1x17
2x9
1x19
1x20
1x20 1x1
1x13 1x9
1x13 1x10
1x13 1x10 1x1
1x13 1x10 2x1
2x13
1x17 1x10
1x19 1x9
1x19 1x10
1x17 1x13
1x13 2x9
1x19 1x13
1x20 1x13
2x17
2x13 1x9
1x19 1x17
1x20 1x17
2x19
1x20 1x19
2x20
1x19 1x13 1x9
1x19 1x13 1x10
1x17 2x13
2x17 1x10
1x19 2x13
1x19 1x17 1x10
2x17 1x13
2x19 1x10
1x19 1x17 1x13
1x20 1x17 1x13
3x17
1x20 1x19 1x13
1x19 2x17
1x20 2x17
2x19 1x17
1x20 1x19 1x17
3x19
1x20 2x19
2x20 1x19
3x20
3x17 1x10
1x19 1x17 2x13
1x19 2x17 1x10
3x17 1x13
2x19 1x17 1x10
1x19 2x17 1x13
3x19 1x10
4x17
1x20 1x19 1x17 1x13
1x19 3x17
1x20 3x17
2x19 2x17
1x20 1x19 2x17
3x19 1x17
1x20 2x19 1x17
4x19
1x20 3x19
2x20 2x19
3x20 1x19
4x20
4x17 1x13
2x19 2x17 1x10
1x19 3x17 1x13
3x19 1x17 1x10
5x17
4x19 1x10
1x19 4x17
1x20 4x17
2x19 3x17
1x20 1x19 3x17
3x19 2x17
1x20 2x19 2x17
4x19 1x17
1x20 3x19 1x17
5x19
1x20 4x19
2x20 3x19
3x20 2x19
4x20 1x19
5x20
1x1
2x1
3x1
4x1
5x1
6x1
7x1
1x8
1x8 1x1
1x8 2x1
1x11
1x12
1x12 1x1
1x14
1x15
1x16
1x16 1x1
1x16 2x1
1x11 1x8
1x12 1x8
1x12 1x8 1x1
2x11
1x12 1x11
2x12
1x14 1x11
1x14 1x12
1x15 1x12
2x14
1x15 1x14
2x15
1x16 1x15
2x16
3x11
1x12 2x11
2x12 1x11
3x12
1x14 1x12 1x11
1x14 2x12
2x14 1x11
2x14 1x12
1x15 1x14 1x12
3x14
1x15 2x14
2x15 1x14
3x15
1x16 2x15
2x16 1x15
3x16
1x14 2x12 1x11
1x14 3x12
2x14 1x12 1x11
2x14 2x12
3x14 1x11
3x14 1x12
1x15 2x14 1x12
4x14
1x15 3x14
2x15 2x14
3x15 1x14
4x15
1x16 3x15
2x16 2x15
3x16 1x15
4x16
3x14 1x12 1x11
3x14 2x12
4x14 1x11
4x14 1x12
1x15 3x14 1x12
5x14
1x15 4x14
2x15 3x14
3x15 2x14
4x15 1x14
5x15
1x16 4x15
2x16 3x15
3x16 2x15
4x16 1x15
5x16
5x14 1x11
5x14 1x12
1x15 4x14 1x12
6x14
1x15 5x14
2x15 4x14
3x15 3x14
4x15 2x14
5x15 1x14
6x15
1x16 5x15
2x16 4x15
3x16 3x15
4x16 2x15
5x16 1x15
6x16
1x15 5x14 1x12
7x14
1x15 6x14
2x15 5x14
1x1
2x1
3x1
4x1
5x1
6x1
1x7
1x7 1x1
1x7 2x1
1x7 3x1
1x11
1x12
1x13
1x14
1x14 1x1
1x14 2x1
1x14 3x1
1x11 1x7
1x12 1x7
1x20
1x14 1x7
2x11
1x12 1x11
2x12
1x13 1x12
2x13
1x14 1x13
2x14
2x11 1x7
1x12 1x11 1x7
1x20 1x11
1x20 1x12
1x20 1x13
1x20 1x14
2x12 1x11
3x12
1x13 2x12
2x13 1x12
3x13
2x20
2x14 1x13
3x14
1x20 1x12 1x11
1x20 2x12
1x20 1x13 1x12
1x20 2x13
1x20 1x14 1x13
1x20 2x14
1x13 3x12
2x13 2x12
2x20 1x11
2x20 1x12
2x20 1x13
2x20 1x14
3x14 1x13
4x14
1x20 1x13 2x12
1x20 2x13 1x12
1x20 3x13
3x20
1x20 2x14 1x13
1x20 3x14
2x20 1x12 1x11
2x20 2x12
2x20 1x13 1x12
2x20 2x13
2x20 1x14 1x13
2x20 2x14
4x14 1x13
5x14
3x20 1x11
3x20 1x12
3x20 1x13
3x20 1x14
1x20 3x14 1x13
1x20 4x14
2x20 1x13 2x12
2x20 2x13 1x12
2x20 3x13
4x20
2x20 2x14 1x13
2x20 3x14
3x20 1x12 1x11
3x20 2x12
3x20 1x13 1x12
3x20 2x13
3x20 1x14 1x13
3x20 2x14
1x20 4x14 1x13
1x20 5x14
4x20 1x11
4x20 1x12
4x20 1x13
4x20 1x14
2x20 3x14 1x13
2x20 4x14
3x20 1x13 2x12
3x20 2x13 1x12
3x20 3x13
5x20
1x1
2x1
3x1
1x4
1x5
1x5 1x1
1x5 2x1
2x4
1x9
2x5
2x5 1x1
3x4
1x9 1x4
1x14
1x14 1x1
1x14 2x1
1x9 2x4
1x18
1x14 1x5
1x20
1x20 1x1
1x18 1x4
1x14 1x9
1x20 1x4
1x20 1x5
1x18 2x4
1x18 1x9
2x14
1x20 1x9
1x20 2x5
1x18 1x9 1x4
1x18 1x14
2x14 1x5
1x20 1x14
1x20 1x14 1x1
2x18
2x14 1x9
1x20 1x18
1x20 1x14 1x5
2x20
1x18 1x14 1x9
3x14
1x20 1x14 1x9
2x20 1x4
2x18 1x9
1x18 2x14
1x20 1x18 1x9
1x20 2x14
2x20 1x9
2x18 1x14
3x14 1x9
1x20 1x18 1x14
1x20 2x14 1x5
3x18
1x18 2x14 1x9
1x20 2x18
1x20 2x14 1x9
2x20 1x18
2x18 1x14 1x9
3x20
1x20 1x18 1x14 1x9
1x20 3x14
3x18 1x9
2x18 2x14
1x20 2x18 1x9
1x20 1x18 2x14
2x20 1x18 1x9
3x18 1x14
3x20 1x9
1x20 2x18 1x14
1x20 3x14 1x9
4x18
2x18 2x14 1x9
1x20 3x18
1x20 1x18 2x14 1x9
2x20 2x18
3x18 1x14 1x9
3x20 1x18
1x20 2x18 1x14 1x9
4x20
4x18 1x9
3x18 2x14
1x20 3x18 1x9
1x20 2x18 2x14
2x20 2x18 1x9
4x18 1x14
3x20 1x18 1x9
1x20 3x18 1x14
4x20 1x9
5x18
3x18 2x14 1x9
1x20 4x18
1x20 2x18 2x14 1x9
2x20 3x18
4x18 1x14 1x9
3x20 2x18
1x20 3x18 1x14 1x9
4x20 1x18
5x18 1x9
5x20
1x1
2x1
3x1
1x4
1x4 1x1
1x4 2x1
1x4 3x1
2x4
1x9
1x10
1x10 1x1
3x4
1x9 1x4
1x10 1x4
1x10 1x4 1x1
4x4
1x17
1x18
1x19
2x10
1x17 1x4
1x18 1x4
1x19 1x4
2x10 1x4
1x17 2x4
1x17 1x9
1x17 1x10
1x18 1x10
1x19 1x10
3x10
1x17 1x10 1x4
1x18 1x10 1x4
1x19 1x10 1x4
2x17
1x18 1x17
2x18
1x19 1x18
2x19
1x18 1x17 1x4
2x18 1x4
1x19 1x18 1x4
2x19 1x4
2x17 1x9
2x17 1x10
1x18 1x17 1x10
2x18 1x10
1x19 1x18 1x10
2x19 1x10
1x18 1x17 1x10 1x4
2x18 1x10 1x4
3x17
1x18 2x17
2x18 1x17
3x18
1x19 2x18
2x19 1x18
3x19
3x18 1x4
1x19 2x18 1x4
3x17 1x9
3x17 1x10
1x18 2x17 1x10
2x18 1x17 1x10
3x18 1x10
1x19 2x18 1x10
2x19 1x18 1x10
3x19 1x10
4x17
1x18 3x17
2x18 2x17
3x18 1x17
4x18
1x19 3x18
2x19 2x18
3x19 1x18
4x19
4x17 1x9
4x17 1x10
1x18 3x17 1x10
2x18 2x17 1x10
3x18 1x17 1x10
4x18 1x10
1x19 3x18 1x10
2x19 2x18 1x10
5x17
1x18 4x17
2x18 3x17
3x18 2x17
4x18 1x17
5x18
1x19 4x18
2x19 3x18
3x19 2x18
4x19 1x18
5x19
1x18 4x17 1x10
2x18 3x17 1x10
3x18 2x17 1x10
4x18 1x17 1x10
5x18 1x10
1x1
2x1
3x1
4x1
5x1
6x1
7x1
1x8
1x8 1x1
1x8 2x1
1x11
1x12
1x12 1x1
1x14
1x14 1x1
2x8
2x8 1x1
1x18
1x11 1x8
1x20
1x20 1x1
2x11
1x12 1x11
2x12
1x14 1x11
1x14 1x12
1x11 2x8
2x14
1x18 1x11
1x18 1x12
1x20 1x11
1x18 1x14
3x11
1x20 1x14
2x12 1x11
2x18
1x14 1x12 1x11
1x20 1x18
2x14 1x11
2x20
1x18 1x12 1x11
3x14
1x18 1x14 1x11
1x18 1x14 1x12
1x20 1x14 1x11
1x18 2x14
2x18 1x11
2x18 1x12
1x20 1x18 1x11
2x18 1x14
2x20 1x11
1x20 1x18 1x14
3x14 1x11
3x18
1x18 1x14 1x12 1x11
1x20 2x18
1x18 2x14 1x11
2x20 1x18
2x18 1x12 1x11
3x20
2x18 1x14 1x11
2x18 1x14 1x12
1x20 1x18 1x14 1x11
2x18 2x14
3x18 1x11
3x18 1x12
1x20 2x18 1x11
3x18 1x14
2x20 1x18 1x11
1x20 2x18 1x14
3x20 1x11
4x18
2x18 1x14 1x12 1x11
1x20 3x18
2x18 2x14 1x11
2x20 2x18
3x18 1x12 1x11
3x20 1x18
3x18 1x14 1x11
4x20
1x20 2x18 1x14 1x11
3x18 2x14
4x18 1x11
4x18 1x12
1x20 3x18 1x11
4x18 1x14
2x20 2x18 1x11
1x20 3x18 1x14
3x20 1x18 1x11
5x18
4x20 1x11
1x20 4x18
3x18 2x14 1x11
2x20 3x18
4x18 1x12 1x11
3x20 2x18
4x18 1x14 1x11
4x20 1x18
1x20 3x18 1x14 1x11
5x20
1x1
2x1
1x3
1x4
1x5
2x3
1x4 1x3
2x4
1x5 1x4
2x5
2x4 1x3
3x4
1x5 2x4
2x5 1x4
1x15
1x16
1x17
1x15 1x3
1x15 1x4
1x15 1x5
1x16 1x5
1x17 1x5
1x15 2x4
1x15 1x5 1x4
1x15 2x5
1x16 2x5
1x17 2x5
1x15 1x5 2x4
1x15 2x5 1x4
2x15
1x16 1x15
2x16
1x17 1x16
2x17
2x15 1x5
1x16 1x15 1x5
2x16 1x5
1x17 1x16 1x5
2x17 1x5
2x15 2x5
1x16 1x15 2x5
2x16 2x5
1x17 1x16 2x5
2x17 2x5
3x15
1x16 2x15
2x16 1x15
3x16
1x17 2x16
2x17 1x16
3x17
2x16 1x15 1x5
3x16 1x5
1x17 2x16 1x5
2x17 1x16 1x5
3x17 1x5
2x16 1x15 2x5
3x16 2x5
1x17 2x16 2x5
4x15
1x16 3x15
2x16 2x15
3x16 1x15
4x16
1x17 3x16
2x17 2x16
3x17 1x16
4x17
4x16 1x5
1x17 3x16 1x5
2x17 2x16 1x5
3x17 1x16 1x5
4x17 1x5
4x16 2x5
5x15
1x16 4x15
2x16 3x15
3x16 2x15
4x16 1x15
5x16
1x17 4x16
2x17 3x16
3x17 2x16
4x17 1x16
5x17
1x17 4x16 1x5
2x17 3x16 1x5
3x17 2x16 1x5
4x17 1x16 1x5
6x15
1x16 5x15
2x16 4x15
3x16 3x15
4x16 2x15
5x16 1x15
6x16
1x17 5x16
2x17 4x16
3x17 3x16
4x17 2x16
1x1
2x1
3x1
1x4
1x5
1x6
1x7
2x4
1x5 1x4
2x5
1x6 1x5
1x12
1x7 1x6
1x14
1x14 1x1
1x12 1x4
1x12 1x5
1x12 1x6
1x12 1x7
1x14 1x6
1x14 1x7
1x12 2x5
1x12 1x6 1x5
2x12
1x12 1x7 1x6
1x14 1x12
1x14 1x7 1x6
2x14
2x12 1x5
2x12 1x6
2x12 1x7
1x14 1x12 1x6
1x14 1x12 1x7
2x14 1x6
2x14 1x7
3x12
2x12 1x7 1x6
1x14 2x12
1x14 1x12 1x7 1x6
2x14 1x12
3x12 1x5
3x14
3x12 1x7
1x14 2x12 1x6
1x14 2x12 1x7
2x14 1x12 1x6
2x14 1x12 1x7
4x12
3x14 1x7
1x14 3x12
1x14 2x12 1x7 1x6
2x14 2x12
4x12 1x5
3x14 1x12
4x12 1x7
4x14
1x14 3x12 1x7
2x14 2x12 1x6
2x14 2x12 1x7
5x12
3x14 1x12 1x7
1x14 4x12
4x14 1x7
2x14 3x12
5x12 1x5
3x14 2x12
5x12 1x7
4x14 1x12
1x14 4x12 1x7
5x14
2x14 3x12 1x7
6x12
3x14 2x12 1x7
1x14 5x12
4x14 1x12 1x7
2x14 4x12
5x14 1x7
3x14 3x12
6x12 1x7
4x14 2x12
1x14 5x12 1x7
5x14 1x12
2x14 4x12 1x7
6x14
3x14 3x12 1x7
1x14 6x12
4x14 2x12 1x7
2x14 5x12
5x14 1x12 1x7
3x14 4x12
6x14 1x7
4x14 3x12
1x14 6x12 1x7
5x14 2x12
2x14 5x12 1x7
6x14 1x12
3x14 4x12 1x7
7x14
4x14 3x12 1x7
2x14 6x12
1x1
2x1
3x1
1x4
1x4 1x1
1x6
1x7
2x4
2x4 1x1
1x6 1x4
1x11
1x12
1x7 1x6
1x14
1x11 1x4
1x12 1x4
1x11 1x6
1x11 1x7
1x12 1x7
1x14 1x6
1x14 1x7
2x11
1x12 1x11
2x12
1x14 1x11
1x14 1x12
1x12 1x11 1x4
2x14
2x11 1x7
1x12 1x11 1x7
2x12 1x7
1x14 1x11 1x7
3x11
1x12 2x11
2x12 1x11
3x12
1x14 1x12 1x11
1x14 2x12
2x14 1x11
2x14 1x12
1x12 2x11 1x7
3x14
3x12 1x7
4x11
1x12 3x11
2x12 2x11
3x12 1x11
4x12
1x14 2x12 1x11
1x14 3x12
2x14 1x12 1x11
2x14 2x12
3x14 1x11
3x14 1x12
5x11
4x14
2x12 3x11
3x12 2x11
4x12 1x11
5x12
1x14 3x12 1x11
1x14 4x12
2x14 2x12 1x11
2x14 3x12
3x14 1x12 1x11
3x14 2x12
4x14 1x11
4x14 1x12
3x12 3x11
5x14
5x12 1x11
6x12
1x14 4x12 1x11
1x14 5x12
2x14 3x12 1x11
2x14 4x12
3x14 2x12 1x11
3x14 3x12
4x14 1x12 1x11
4x14 2x12
5x14 1x11
5x14 1x12
6x12 1x11
6x14
1x14 5x12 1x11
1x14 6x12
2x14 4x12 1x11
2x14 5x12
3x14 3x12 1x11
3x14 4x12
4x14 2x12 1x11
4x14 3x12
5x14 1x12 1x11
5x14 2x12
6x14 1x11
6x14 1x12
1x14 6x12 1x11
7x14
2x14 5x12 1x11
2x14 6x12
1x1
2x1
1x3
1x3 1x1
1x3 2x1
2x3
2x3 1x1
2x3 2x1
3x3
3x3 1x1
1x11
1x12
1x12 1x1
1x11 1x3
1x15
1x15 1x1
1x11 2x3
1x18
1x19
1x19 1x1
1x18 1x3
2x11
1x12 1x11
2x12
2x11 1x3
1x15 1x11
1x15 1x12
1x15 1x12 1x1
1x18 1x11
2x15
1x19 1x12
1x18 1x11 1x3
1x18 1x15
1x19 1x15
2x12 1x11
2x18
1x19 1x18
2x19
1x15 2x12
1x18 2x11
2x15 1x11
2x15 1x12
1x19 2x12
1x18 1x15 1x11
3x15
1x19 1x15 1x12
2x18 1x11
1x18 2x15
1x19 2x15
2x19 1x12
2x18 1x15
1x19 1x18 1x15
2x19 1x15
3x18
1x19 2x18
2x19 1x18
3x19
2x18 2x11
1x18 2x15 1x11
4x15
1x19 2x15 1x12
2x18 1x15 1x11
1x18 3x15
1x19 3x15
3x18 1x11
2x18 2x15
1x19 1x18 2x15
2x19 2x15
3x18 1x15
1x19 2x18 1x15
2x19 1x18 1x15
4x18
1x19 3x18
2x19 2x18
3x19 1x18
4x19
2x18 2x15 1x11
1x18 4x15
1x19 4x15
3x18 1x15 1x11
2x18 3x15
1x19 1x18 3x15
4x18 1x11
3x18 2x15
1x19 2x18 2x15
2x19 1x18 2x15
4x18 1x15
1x19 3x18 1x15
2x19 2x18 1x15
5x18
1x19 4x18
2x19 3x18
3x19 2x18
4x19 1x18
5x19
2x18 4x15
1x19 1x18 4x15
4x18 1x15 1x11
3x18 3x15
1x19 2x18 3x15
1x1
2x1
3x1
1x4
1x5
1x6
1x6 1x1
2x4
1x9
2x5
1x6 1x5
2x6
1x9 1x4
1x9 1x5
1x9 1x6
1x6 2x5
2x6 1x5
1x18
1x19
1x19 1x1
1x9 2x6
1x18 1x4
1x18 1x5
1x18 1x6
1x19 1x6
1x18 2x4
1x18 1x9
1x19 1x9
1x18 1x6 1x5
1x18 2x6
1x18 1x9 1x4
1x18 1x9 1x5
1x18 1x9 1x6
1x19 1x9 1x6
1x18 2x6 1x5
2x18
1x19 1x18
2x19
2x19 1x1
2x18 1x4
2x18 1x5
2x18 1x6
1x19 1x18 1x6
2x19 1x6
2x18 1x9
1x19 1x18 1x9
2x19 1x9
2x18 2x6
2x18 1x9 1x4
2x18 1x9 1x5
2x18 1x9 1x6
1x19 1x18 1x9 1x6
2x19 1x9 1x6
3x18
1x19 2x18
2x19 1x18
3x19
3x18 1x4
3x18 1x5
3x18 1x6
1x19 2x18 1x6
2x19 1x18 1x6
3x18 1x9
1x19 2x18 1x9
2x19 1x18 1x9
3x19 1x9
3x18 1x9 1x4
3x18 1x9 1x5
3x18 1x9 1x6
1x19 2x18 1x9 1x6
2x19 1x18 1x9 1x6
4x18
1x19 3x18
2x19 2x18
3x19 1x18
4x19
4x18 1x5
4x18 1x6
1x19 3x18 1x6
2x19 2x18 1x6
4x18 1x9
1x19 3x18 1x9
2x19 2x18 1x9
3x19 1x18 1x9
4x19 1x9
4x18 1x9 1x5
4x18 1x9 1x6
1x19 3x18 1x9 1x6
2x19 2x18 1x9 1x6
5x18
1x19 4x18
2x19 3x18
3x19 2x18
4x19 1x18
5x19
5x18 1x6
1x19 4x18 1x6
2x19 3x18 1x6
5x18 1x9
1x19 4x18 1x9
1x1
1x2
1x2 1x1
2x2
2x2 1x1
1x6
1x6 1x1
1x8
1x8 1x1
1x8 1x2
1x8 1x2 1x1
2x6
2x6 1x1
1x14
1x14 1x1
2x8
1x17
1x17 1x1
1x17 1x2
1x20
1x20 1x1
1x14 1x8
1x17 1x6
3x8
1x17 1x8
1x20 1x6
1x17 1x8 1x2
2x14
2x14 1x1
1x14 2x8
1x17 1x14
1x17 1x14 1x1
1x17 2x8
2x17
2x17 1x1
2x14 1x8
1x20 1x17
1x20 1x17 1x1
1x17 1x14 1x8
2x20
2x20 1x1
3x14
1x20 1x17 1x6
2x14 2x8
1x17 2x14
2x20 1x6
1x17 1x14 2x8
2x17 1x14
2x17 1x14 1x1
3x14 1x8
3x17
3x17 1x1
1x17 2x14 1x8
1x20 2x17
1x20 2x17 1x1
4x14
2x20 1x17
2x20 1x17 1x1
1x17 3x14
3x20
3x20 1x1
2x17 2x14
2x20 1x17 1x6
4x14 1x8
3x17 1x14
3x20 1x6
1x17 3x14 1x8
4x17
4x17 1x1
5x14
1x20 3x17
1x20 3x17 1x1
1x17 4x14
2x20 2x17
2x20 2x17 1x1
2x17 3x14
3x20 1x17
3x20 1x17 1x1
3x17 2x14
4x20
4x20 1x1
4x17 1x14
3x20 1x17 1x6
6x14
5x17
4x20 1x6
1x17 5x14
1x20 4x17
1x20 4x17 1x1
2x17 4x14
2x20 3x17
2x20 3x17 1x1
3x17 3x14
3x20 2x17
3x20 2x17 1x1
4x17 2x14
4x20 1x17
4x20 1x17 1x1
5x17 1x14
5x20
1x1
1x2
1x3
2x2
1x3 1x2
2x3
1x3 2x2
2x3 1x2
3x3
2x3 2x2
3x3 1x2
4x3
3x3 2x2
1x14
1x14 1x1
1x16
1x14 1x3
1x16 1x2
1x19
1x20
1x19 1x2
1x19 1x3
1x20 1x3
1x19 1x3 1x2
1x19 2x3
1x20 2x3
1x19 2x3 1x2
2x14
2x14 1x1
1x16 1x14
2x14 1x3
2x16
1x19 1x14
1x20 1x14
1x19 1x16
1x20 1x16
1x19 1x16 1x2
2x19
1x20 1x19
2x20
2x19 1x3
3x14
2x20 1x3
1x16 2x14
3x14 1x3
2x16 1x14
1x19 2x14
3x16
1x19 1x16 1x14
1x20 1x16 1x14
1x19 2x16
2x19 1x14
1x20 1x19 1x14
2x19 1x16
1x20 1x19 1x16
2x20 1x16
3x19
1x20 2x19
2x20 1x19
3x20
1x19 3x14
3x16 1x14
1x19 1x16 2x14
4x16
1x19 2x16 1x14
2x19 2x14
1x19 3x16
2x19 1x16 1x14
1x20 1x19 1x16 1x14
2x19 2x16
3x19 1x14
1x20 2x19 1x14
3x19 1x16
1x20 2x19 1x16
2x20 1x19 1x16
4x19
1x20 3x19
2x20 2x19
3x20 1x19
4x20
1x19 3x16 1x14
2x19 1x16 2x14
1x19 4x16
2x19 2x16 1x14
3x19 2x14
2x19 3x16
3x19 1x16 1x14
1x20 2x19 1x16 1x14
3x19 2x16
4x19 1x14
1x20 3x19 1x14
4x19 1x16
1x20 3x19 1x16
2x20 2x19 1x16
5x19
1x20 4x19
2x20 3x19
3x20 2x19
4x20 1x19
5x20
1x1
1x2
1x2 1x1
2x2
1x5
1x5 1x1
1x7
1x7 1x1
1x9
2x5
1x11
1x12
1x11 1x2
2x7
3x5
1x9 1x7
1x12 1x5
2x9
1x12 1x7
1x11 1x9
1x12 1x9
2x11
1x12 1x11
2x12
2x9 1x7
1x12 2x7
3x9
1x12 1x9 1x7
1x11 2x9
1x12 2x9
2x11 1x9
1x12 1x11 1x9
3x11
1x12 2x11
2x12 1x11
3x12
1x12 2x9 1x7
1x11 3x9
1x12 3x9
2x11 2x9
1x12 1x11 2x9
3x11 1x9
1x12 2x11 1x9
4x11
1x12 3x11
2x12 2x11
3x12 1x11
4x12
2x11 3x9
1x12 1x11 3x9
3x11 2x9
1x12 2x11 2x9
4x11 1x9
1x12 3x11 1x9
5x11
1x12 4x11
2x12 3x11
3x12 2x11
4x12 1x11
5x12
1x12 2x11 3x9
4x11 2x9
1x12 3x11 2x9
5x11 1x9
1x12 4x11 1x9
6x11
1x12 5x11
2x12 4x11
3x12 3x11
4x12 2x11
5x12 1x11
6x12
5x11 2x9
1x12 4x11 2x9
6x11 1x9
1x12 5x11 1x9
7x11
1x12 6x11
2x12 5x11
3x12 4x11
4x12 3x11
5x12 2x11
6x12 1x11
7x12
1x12 5x11 2x9
7x11 1x9
1x12 6x11 1x9
8x11
1x12 7x11
2x12 6x11
3x12 5x11
4x12 4x11
5x12 3x11
6x12 2x11
7x12 1x11
8x12
8x11 1x9
1x12 7x11 1x9
9x11
1x12 8x11
1x1
2x1
3x1
1x4
1x5
1x5 1x1
1x5 2x1
2x4
1x9
2x5
2x5 1x1
3x4
1x9 1x4
1x9 1x5
3x5
1x16
1x16 1x1
2x9
1x19
1x20
1x16 1x5
2x9 1x4
1x19 1x4
1x19 1x5
1x16 1x9
1x16 2x5
3x9
1x19 1x9
1x20 1x9
1x16 1x9 1x5
3x9 1x4
2x16
2x16 1x1
1x16 2x9
1x19 1x16
1x20 1x16
2x16 1x5
2x19
1x20 1x19
2x20
2x16 1x9
2x19 1x4
2x19 1x5
1x19 1x16 1x9
1x20 1x16 1x9
2x16 1x9 1x5
2x19 1x9
3x16
2x20 1x9
2x16 2x9
1x19 2x16
1x20 2x16
3x16 1x5
2x19 1x16
1x20 1x19 1x16
2x20 1x16
3x19
1x20 2x19
2x20 1x19
3x20
3x19 1x4
3x19 1x5
2x19 1x16 1x9
4x16
2x20 1x16 1x9
3x19 1x9
1x19 3x16
1x20 3x16
3x20 1x9
2x19 2x16
1x20 1x19 2x16
2x20 2x16
3x19 1x16
1x20 2x19 1x16
2x20 1x19 1x16
4x19
1x20 3x19
2x20 2x19
3x20 1x19
4x20
4x19 1x5
3x19 1x16 1x9
1x19 4x16
1x20 4x16
4x19 1x9
2x19 3x16
1x20 1x19 3x16
2x20 3x16
3x19 2x16
1x20 2x19 2x16
2x20 1x19 2x16
4x19 1x16
1x20 3x19 1x16
2x20 2x19 1x16
5x19
1x20 4x19
2x20 3x19
3x20 2x19
4x20 1x19
5x20
1x1
1x2
1x2 1x1
1x4
1x4 1x1
1x6
1x6 1x1
1x8
1x8 1x1
1x6 1x4
1x6 1x4 1x1
2x6
2x6 1x1
1x8 1x6
1x8 1x6 1x1
2x8
1x17
1x18
1x17 1x2
1x18 1x2
1x17 1x4
1x18 1x4
1x17 1x6
1x18 1x6
1x17 1x8
1x18 1x8
1x17 1x6 1x4
1x18 1x6 1x4
1x17 2x6
1x18 2x6
1x17 1x8 1x6
1x18 1x8 1x6
1x17 2x8
2x17
1x18 1x17
2x18
1x18 1x17 1x2
2x17 1x4
1x18 1x17 1x4
2x17 1x6
1x18 1x17 1x6
2x17 1x8
1x18 1x17 1x8
2x18 1x8
1x18 1x17 1x6 1x4
2x17 2x6
1x18 1x17 2x6
2x17 1x8 1x6
1x18 1x17 1x8 1x6
2x17 2x8
3x17
1x18 2x17
2x18 1x17
3x18
3x17 1x4
1x18 2x17 1x4
3x17 1x6
1x18 2x17 1x6
3x17 1x8
1x18 2x17 1x8
2x18 1x17 1x8
3x18 1x8
3x17 2x6
1x18 2x17 2x6
3x17 1x8 1x6
1x18 2x17 1x8 1x6
3x17 2x8
4x17
1x18 3x17
2x18 2x17
3x18 1x17
4x18
1x18 3x17 1x4
4x17 1x6
1x18 3x17 1x6
4x17 1x8
1x18 3x17 1x8
2x18 2x17 1x8
3x18 1x17 1x8
4x18 1x8
1x18 3x17 2x6
4x17 1x8 1x6
1x18 3x17 1x8 1x6
4x17 2x8
5x17
1x18 4x17
2x18 3x17
3x18 2x17
4x18 1x17
5x18
5x17 1x6
1x18 4x17 1x6
5x17 1x8
1x18 4x17 1x8
2x18 3x17 1x8
3x18 2x17 1x8
4x18 1x17 1x8
5x18 1x8
5x17 1x8 1x6
1x18 4x17 1x8 1x6
1x1
2x1
1x3
1x3 1x1
1x3 2x1
2x3
2x3 1x1
2x3 2x1
1x9
1x9 1x1
1x11
1x12
1x12 1x1
1x11 1x3
1x15
1x15 1x1
1x11 2x3
2x9
1x19
1x11 1x9
1x12 1x9
2x11
1x12 1x11
2x12
2x11 1x3
1x15 1x11
1x15 1x12
1x19 1x9
1x11 2x9
2x15
1x19 1x12
1x12 1x11 1x9
3x11
1x19 1x15
2x12 1x11
3x12
1x15 2x11
2x19
1x15 2x12
1x19 1x12 1x9
2x15 1x11
2x15 1x12
1x19 2x12
4x11
3x15
1x19 1x15 1x12
2x19 1x9
4x12
1x19 2x15
2x19 1x12
1x15 3x12
2x15 2x11
2x19 1x15
2x15 2x12
1x19 3x12
3x15 1x11
3x19
1x19 1x15 2x12
2x19 1x12 1x9
4x15
1x19 2x15 1x12
2x19 2x12
1x15 4x12
1x19 3x15
2x19 1x15 1x12
3x19 1x9
3x15 2x11
2x19 2x15
3x19 1x12
1x19 1x15 3x12
4x15 1x11
3x19 1x15
1x19 2x15 2x12
2x19 3x12
5x15
4x19
2x19 1x15 2x12
3x19 1x12 1x9
1x19 4x15
2x19 2x15 1x12
3x19 2x12
4x15 2x11
2x19 3x15
3x19 1x15 1x12
4x19 1x9
5x15 1x11
3x19 2x15
4x19 1x12
2x19 1x15 3x12
6x15
4x19 1x15
2x19 2x15 2x12
3x19 3x12
1x19 5x15
5x19
3x19 1x15 2x12
4x19 1x12 1x9
2x19 4x15
3x19 2x15 1x12
4x19 2x12
1x1
2x1
1x3
1x4
1x5
1x6
1x4 1x3
1x8
1x5 1x4
2x5
1x6 1x5
2x6
1x8 1x5
1x8 1x6
1x15
2x8
2x6 1x5
1x15 1x3
1x15 1x4
1x15 1x5
1x15 1x6
2x8 1x6
1x15 1x8
3x8
1x15 2x5
1x15 1x6 1x5
1x15 2x6
1x15 1x8 1x5
1x15 1x8 1x6
2x15
1x15 2x8
4x8
2x15 1x3
2x15 1x4
2x15 1x5
2x15 1x6
1x15 2x8 1x6
2x15 1x8
1x15 3x8
2x15 2x5
2x15 1x6 1x5
2x15 2x6
2x15 1x8 1x5
2x15 1x8 1x6
3x15
2x15 2x8
1x15 4x8
3x15 1x3
3x15 1x4
3x15 1x5
3x15 1x6
2x15 2x8 1x6
3x15 1x8
2x15 3x8
3x15 2x5
3x15 1x6 1x5
3x15 2x6
3x15 1x8 1x5
3x15 1x8 1x6
4x15
3x15 2x8
2x15 4x8
4x15 1x3
4x15 1x4
4x15 1x5
4x15 1x6
3x15 2x8 1x6
4x15 1x8
3x15 3x8
4x15 2x5
4x15 1x6 1x5
4x15 2x6
4x15 1x8 1x5
4x15 1x8 1x6
5x15
4x15 2x8
3x15 4x8
5x15 1x3
5x15 1x4
5x15 1x5
5x15 1x6
4x15 2x8 1x6
5x15 1x8
4x15 3x8
5x15 2x5
5x15 1x6 1x5
5x15 2x6
5x15 1x8 1x5
5x15 1x8 1x6
6x15
5x15 2x8
4x15 4x8
6x15 1x3
6x15 1x4
6x15 1x5
6x15 1x6
5x15 2x8 1x6
6x15 1x8
5x15 3x8
6x15 2x5
1x1
1x2
1x2 1x1
2x2
1x5
1x6
1x7
1x6 1x2
1x7 1x2
2x5
1x6 1x5
1x12
1x7 1x6
1x14
1x14 1x1
1x14 1x2
1x12 1x5
1x12 1x6
1x12 1x7
1x14 1x6
1x14 1x7
1x12 2x5
1x12 1x6 1x5
2x12
1x12 1x7 1x6
1x14 1x12
1x14 1x7 1x6
2x14
2x12 1x5
2x12 1x6
2x12 1x7
1x14 1x12 1x6
1x14 1x12 1x7
2x14 1x6
2x14 1x7
3x12
2x12 1x7 1x6
1x14 2x12
1x14 1x12 1x7 1x6
2x14 1x12
3x12 1x5
3x14
3x12 1x7
1x14 2x12 1x6
1x14 2x12 1x7
2x14 1x12 1x6
2x14 1x12 1x7
4x12
3x14 1x7
1x14 3x12
1x14 2x12 1x7 1x6
2x14 2x12
4x12 1x5
3x14 1x12
4x12 1x7
4x14
1x14 3x12 1x7
2x14 2x12 1x6
2x14 2x12 1x7
5x12
3x14 1x12 1x7
1x14 4x12
4x14 1x7
2x14 3x12
5x12 1x5
3x14 2x12
5x12 1x7
4x14 1x12
1x14 4x12 1x7
5x14
2x14 3x12 1x7
6x12
3x14 2x12 1x7
1x14 5x12
4x14 1x12 1x7
2x14 4x12
5x14 1x7
3x14 3x12
6x12 1x7
4x14 2x12
1x14 5x12 1x7
5x14 1x12
2x14 4x12 1x7
6x14
3x14 3x12 1x7
1x14 6x12
4x14 2x12 1x7
2x14 5x12
5x14 1x12 1x7
3x14 4x12
6x14 1x7
4x14 3x12
1x14 6x12 1x7
5x14 2x12
2x14 5x12 1x7
6x14 1x12
3x14 4x12 1x7
7x14
4x14 3x12 1x7
2x14 6x12
1x1
2x1
1x3
1x4
1x4 1x1
1x6
1x4 1x3
2x4
1x6 1x3
1x10
1x11
2x6
1x10 1x3
1x10 1x4
1x11 1x4
1x16
1x11 1x6
3x6
1x16 1x3
2x10
1x11 1x10
2x11
2x10 1x3
2x10 1x4
1x11 1x10 1x4
1x16 1x10
1x16 1x11
2x11 1x6
1x16 1x10 1x3
3x10
1x11 2x10
2x16
3x11
3x10 1x4
2x16 1x3
1x16 2x10
1x16 1x11 1x10
1x16 2x11
3x11 1x6
4x10
1x11 3x10
2x16 1x10
2x16 1x11
4x11
2x16 1x10 1x3
1x16 3x10
1x16 1x11 2x10
3x16
1x16 3x11
5x10
3x16 1x3
2x16 2x10
2x16 1x11 1x10
2x16 2x11
5x11
1x16 4x10
1x16 1x11 3x10
3x16 1x10
3x16 1x11
1x16 4x11
3x16 1x10 1x3
2x16 3x10
2x16 1x11 2x10
4x16
2x16 3x11
6x11
4x16 1x3
3x16 2x10
3x16 1x11 1x10
3x16 2x11
1x16 5x11
2x16 4x10
2x16 1x11 3x10
4x16 1x10
4x16 1x11
2x16 4x11
4x16 1x10 1x3
3x16 3x10
3x16 1x11 2x10
5x16
3x16 3x11
1x16 6x11
5x16 1x3
4x16 2x10
4x16 1x11 1x10
4x16 2x11
2x16 5x11
3x16 4x10
3x16 1x11 3x10
5x16 1x10
5x16 1x11
3x16 4x11
5x16 1x10 1x3
4x16 3x10
4x16 1x11 2x10
6x16
4x16 3x11
2x16 6x11
6x16 1x3
5x16 2x10
1x1
1x2
1x3
1x4
1x3 1x2
2x3
1x7
2x4
1x7 1x2
1x7 1x3
1x7 1x4
3x4
1x7 2x3
1x14
1x14 1x1
1x14 1x2
1x17
1x14 1x4
1x17 1x2
1x17 1x3
1x14 1x7
1x14 2x4
1x14 1x7 1x2
1x17 1x7
1x14 1x7 1x4
1x17 1x7 1x2
1x17 1x7 1x3
2x14
2x14 1x1
2x14 1x2
1x17 1x14
2x14 1x4
1x17 1x14 1x2
2x17
2x14 1x7
2x17 1x2
2x17 1x3
1x17 1x14 1x7
2x14 1x7 1x4
1x17 1x14 1x7 1x2
2x17 1x7
3x14
3x14 1x1
3x14 1x2
1x17 2x14
3x14 1x4
1x17 2x14 1x2
2x17 1x14
3x14 1x7
2x17 1x14 1x2
3x17
1x17 2x14 1x7
3x17 1x2
3x17 1x3
2x17 1x14 1x7
4x14
4x14 1x1
3x17 1x7
1x17 3x14
4x14 1x4
1x17 3x14 1x2
2x17 2x14
4x14 1x7
2x17 2x14 1x2
3x17 1x14
1x17 3x14 1x7
3x17 1x14 1x2
4x17
2x17 2x14 1x7
5x14
4x17 1x3
3x17 1x14 1x7
1x17 4x14
5x14 1x4
4x17 1x7
2x17 3x14
5x14 1x7
2x17 3x14 1x2
3x17 2x14
1x17 4x14 1x7
3x17 2x14 1x2
4x17 1x14
2x17 3x14 1x7
6x14
5x17
3x17 2x14 1x7
1x17 5x14
5x17 1x3
4x17 1x14 1x7
2x17 4x14
6x14 1x7
5x17 1x7
3x17 3x14
1x17 5x14 1x7
3x17 3x14 1x2
4x17 2x14
2x17 4x14 1x7
7x14
5x17 1x14
3x17 3x14 1x7
1x1
1x2
1x3
2x2
1x3 1x2
1x6
1x6 1x1
1x6 1x2
1x6 1x3
1x6 2x2
1x11
1x12
1x13
1x11 1x3
1x12 1x3
1x13 1x3
1x11 1x6
1x12 1x6
1x13 1x6
1x11 1x6 1x3
1x12 1x6 1x3
2x11
1x12 1x11
2x12
1x13 1x12
2x13
2x12 1x3
2x11 1x6
1x12 1x11 1x6
2x12 1x6
1x13 1x12 1x6
2x13 1x6
3x11
1x12 2x11
2x12 1x11
3x12
1x13 2x12
2x13 1x12
3x13
1x12 2x11 1x6
2x12 1x11 1x6
3x12 1x6
1x13 2x12 1x6
4x11
1x12 3x11
2x12 2x11
3x12 1x11
4x12
1x13 3x12
2x13 2x12
3x13 1x12
4x13
3x12 1x11 1x6
4x12 1x6
5x11
1x12 4x11
2x12 3x11
3x12 2x11
4x12 1x11
5x12
1x13 4x12
2x13 3x12
3x13 2x12
4x13 1x12
5x13
6x11
1x12 5x11
2x12 4x11
3x12 3x11
4x12 2x11
5x12 1x11
6x12
1x13 5x12
2x13 4x12
3x13 3x12
4x13 2x12
5x13 1x12
6x13
2x12 5x11
3x12 4x11
4x12 3x11
5x12 2x11
6x12 1x11
7x12
1x13 6x12
2x13 5x12
3x13 4x12
4x13 3x12
5x13 2x12
6x13 1x12
7x13
4x12 4x11
5x12 3x11
6x12 2x11
7x12 1x11
8x12
1x13 7x12
2x13 6x12
3x13 5x12
4x13 4x12
1x1
1x2
1x2 1x1
2x2
1x5
1x5 1x1
1x5 1x2
1x8
1x8 1x1
2x5
2x5 1x1
2x5 1x2
1x8 1x5
1x14
1x15
2x8
1x15 1x2
1x18
1x14 1x5
1x15 1x5
2x8 1x5
1x14 1x8
1x15 1x8
3x8
1x15 2x5
1x18 1x8
1x14 1x8 1x5
2x14
1x15 1x14
2x15
1x15 2x8
1x18 1x14
1x18 1x15
1x15 1x14 1x5
2x15 1x5
2x18
1x15 1x14 1x8
2x15 1x8
1x15 3x8
1x18 1x14 1x8
1x18 1x15 1x8
3x14
1x15 2x14
2x15 1x14
3x15
1x18 2x14
1x18 1x15 1x14
1x18 2x15
2x15 1x14 1x5
2x18 1x14
2x18 1x15
2x15 1x14 1x8
3x15 1x8
3x18
1x18 1x15 1x14 1x8
4x14
1x15 3x14
2x15 2x14
3x15 1x14
4x15
1x18 1x15 2x14
1x18 2x15 1x14
1x18 3x15
2x18 2x14
2x18 1x15 1x14
2x18 2x15
3x15 1x14 1x8
3x18 1x14
3x18 1x15
5x14
1x15 4x14
4x18
3x15 2x14
4x15 1x14
5x15
1x18 2x15 2x14
1x18 3x15 1x14
1x18 4x15
2x18 1x15 2x14
2x18 2x15 1x14
2x18 3x15
3x18 2x14
3x18 1x15 1x14
3x18 2x15
1x15 5x14
4x18 1x14
4x18 1x15
4x15 2x14
5x15 1x14
5x18
1x18 3x15 2x14
1x18 4x15 1x14
1x18 5x15
2x18 2x15 2x14
2x18 3x15 1x14
2x18 4x15
3x18 1x15 2x14
3x18 2x15 1x14
3x18 3x15
4x18 2x14
1x1
1x2
1x2 1x1
2x2
2x2 1x1
3x2
1x7
1x7 1x1
1x7 1x2
1x7 1x2 1x1
1x11
1x12
1x11 1x2
1x14
1x15
1x14 1x2
1x15 1x2
1x11 1x7
1x12 1x7
1x11 1x7 1x2
1x14 1x7
2x11
1x12 1x11
2x12
1x14 1x11
1x14 1x12
1x15 1x12
2x14
1x15 1x14
2x15
2x12 1x7
1x14 1x11 1x7
3x11
1x12 2x11
2x12 1x11
3x12
1x14 1x12 1x11
1x14 2x12
2x14 1x11
2x14 1x12
1x15 1x14 1x12
3x14
1x15 2x14
2x15 1x14
3x15
2x12 2x11
3x12 1x11
4x12
1x14 2x12 1x11
1x14 3x12
2x14 1x12 1x11
2x14 2x12
3x14 1x11
3x14 1x12
1x15 2x14 1x12
4x14
1x15 3x14
2x15 2x14
3x15 1x14
4x15
1x14 3x12 1x11
1x14 4x12
2x14 2x12 1x11
2x14 3x12
3x14 1x12 1x11
3x14 2x12
4x14 1x11
4x14 1x12
1x15 3x14 1x12
5x14
1x15 4x14
2x15 3x14
3x15 2x14
4x15 1x14
5x15
2x14 4x12
3x14 2x12 1x11
3x14 3x12
4x14 1x12 1x11
4x14 2x12
5x14 1x11
5x14 1x12
1x15 4x14 1x12
6x14
1x15 5x14
2x15 4x14
3x15 3x14
4x15 2x14
5x15 1x14
6x15
4x14 2x12 1x11
4x14 3x12
5x14 1x12 1x11
5x14 2x12
6x14 1x11
6x14 1x12
1x15 5x14 1x12
7x14
1x15 6x14
2x15 5x14
1x1
2x1
3x1
4x1
5x1
1x6
1x6 1x1
1x6 2x1
1x6 3x1
1x6 4x1
1x11
1x12
1x13
1x13 1x1
1x13 2x1
1x16
1x11 1x6
1x12 1x6
1x19
1x19 1x1
1x19 2x1
2x11
1x12 1x11
2x12
1x13 1x12
2x13
1x16 1x11
1x16 1x12
1x16 1x13
1x19 1x11
1x19 1x12
2x16
3x11
1x12 2x11
1x19 1x16
3x12
1x13 2x12
2x19
3x13
1x16 2x12
1x16 1x13 1x12
1x16 2x13
2x16 1x11
2x16 1x12
2x16 1x13
1x19 1x16 1x11
1x19 1x16 1x12
3x16
2x19 1x11
2x19 1x12
1x19 2x16
4x13
1x16 1x13 2x12
2x19 1x16
1x16 3x13
2x16 2x12
3x19
2x16 2x13
3x16 1x11
3x16 1x12
3x16 1x13
1x19 2x16 1x11
1x19 2x16 1x12
4x16
2x19 1x16 1x11
2x19 1x16 1x12
1x19 3x16
3x19 1x11
3x19 1x12
2x19 2x16
2x16 3x13
3x16 2x12
3x19 1x16
3x16 2x13
4x16 1x11
4x19
4x16 1x13
1x19 3x16 1x11
1x19 3x16 1x12
5x16
2x19 2x16 1x11
2x19 2x16 1x12
1x19 4x16
3x19 1x16 1x11
3x19 1x16 1x12
2x19 3x16
4x19 1x11
4x19 1x12
3x19 2x16
4x16 2x13
5x16 1x11
4x19 1x16
5x16 1x13
1x19 4x16 1x11
5x19
6x16
2x19 3x16 1x11
2x19 3x16 1x12
1x19 5x16
3x19 2x16 1x11
1x1
2x1
3x1
1x4
1x4 1x1
1x4 2x1
1x4 3x1
2x4
2x4 1x1
2x4 2x1
2x4 3x1
1x12
1x13
1x14
1x14 1x1
1x16
1x13 1x4
1x14 1x4
1x19
1x16 1x4
1x13 2x4
1x14 2x4
1x19 1x4
2x12
1x13 1x12
2x13
1x14 1x13
2x14
1x16 1x13
1x16 1x14
1x19 1x12
2x16
1x19 1x14
1x16 1x14 1x4
1x19 1x16
3x12
1x13 2x12
2x19
3x13
1x14 2x13
2x14 1x13
3x14
1x16 1x14 1x13
1x16 2x14
2x16 1x13
2x16 1x14
1x19 2x14
3x16
1x19 1x16 1x14
2x19 1x12
1x19 2x16
2x19 1x14
1x14 3x13
2x19 1x16
3x14 1x13
4x14
3x19
1x16 3x14
2x16 1x14 1x13
2x16 2x14
3x16 1x13
3x16 1x14
1x19 1x16 2x14
4x16
1x19 2x16 1x14
2x19 2x14
1x19 3x16
2x19 1x16 1x14
3x19 1x12
2x19 2x16
3x19 1x14
1x16 4x14
3x19 1x16
2x16 3x14
3x16 1x14 1x13
4x19
4x16 1x13
4x16 1x14
1x19 2x16 2x14
5x16
1x19 3x16 1x14
2x19 1x16 2x14
1x19 4x16
2x19 2x16 1x14
3x19 2x14
2x19 3x16
3x19 1x16 1x14
4x19 1x12
3x19 2x16
4x19 1x14
4x16 1x14 1x13
4x19 1x16
5x16 1x13
5x16 1x14
5x19
6x16
1x19 4x16 1x14
2x19 2x16 2x14
1x19 5x16
2x19 3x16 1x14
1x1
2x1
3x1
4x1
5x1
1x6
1x7
1x7 1x1
1x7 2x1
1x10
1x10 1x1
2x6
1x7 1x6
1x14
1x14 1x1
1x10 1x6
1x10 1x7
1x18
1x19
2x10
1x14 1x7
1x10 2x6
1x10 1x7 1x6
1x14 1x10
1x18 1x7
1x19 1x7
2x10 1x7
2x14
1x19 1x10
3x10
1x14 1x10 1x7
1x18 1x14
1x19 1x14
1x14 2x10
2x14 1x7
2x18
1x19 1x18
2x19
1x18 1x14 1x7
1x19 1x14 1x7
1x14 2x10 1x7
3x14
2x18 1x7
1x19 1x18 1x7
2x19 1x7
1x18 2x14
1x19 2x14
2x19 1x10
3x14 1x7
2x18 1x14
1x19 1x18 1x14
2x19 1x14
1x18 2x14 1x7
3x18
1x19 2x18
2x19 1x18
3x19
1x19 1x18 1x14 1x7
2x19 1x14 1x7
1x18 3x14
3x18 1x7
1x19 2x18 1x7
2x19 1x18 1x7
2x18 2x14
1x19 1x18 2x14
2x19 2x14
3x19 1x10
3x18 1x14
1x19 2x18 1x14
2x19 1x18 1x14
3x19 1x14
4x18
1x19 3x18
2x19 2x18
3x19 1x18
4x19
2x19 1x18 1x14 1x7
2x18 3x14
4x18 1x7
1x19 3x18 1x7
2x19 2x18 1x7
3x18 2x14
1x19 2x18 2x14
2x19 1x18 2x14
3x19 2x14
4x18 1x14
1x19 3x18 1x14
2x19 2x18 1x14
3x19 1x18 1x14
5x18
1x19 4x18
2x19 3x18
3x19 2x18
4x19 1x18
5x19
3x18 3x14
5x18 1x7
1x19 4x18 1x7
2x19 3x18 1x7
4x18 2x14
1x1
2x1
1x3
1x3 1x1
1x3 2x1
2x3
2x3 1x1
2x3 2x1
1x9
1x9 1x1
1x11
1x9 1x3
1x9 1x3 1x1
1x11 1x3
1x15
1x15 1x1
1x17
2x9
2x9 1x1
1x20
1x20 1x1
2x11
1x20 1x3
1x15 1x9
2x11 1x3
1x15 1x11
3x9
1x17 1x11
1x20 1x9
2x15
1x20 1x11
1x17 1x15
3x11
2x17
1x20 1x15
1x20 1x15 1x1
1x20 1x17
1x20 2x9
2x15 1x9
2x20
2x15 1x11
1x20 2x11
1x17 1x15 1x11
1x20 1x15 1x9
3x15
1x20 1x15 1x11
1x17 2x15
1x20 1x17 1x11
2x17 1x15
1x20 2x15
3x17
1x20 1x17 1x15
1x20 3x11
1x20 2x17
2x20 1x15
3x15 1x11
2x20 1x17
1x17 2x15 1x11
1x20 2x15 1x9
3x20
1x20 2x15 1x11
1x17 3x15
1x20 1x17 1x15 1x11
2x17 2x15
1x20 3x15
3x17 1x15
1x20 1x17 2x15
4x17
1x20 2x17 1x15
2x20 2x15
1x20 3x17
2x20 1x17 1x15
1x17 3x15 1x11
2x20 2x17
3x20 1x15
1x20 3x15 1x11
3x20 1x17
1x20 1x17 2x15 1x11
2x17 3x15
4x20
3x17 2x15
1x20 1x17 3x15
4x17 1x15
1x20 2x17 2x15
5x17
1x20 3x17 1x15
2x20 1x17 2x15
1x20 4x17
2x20 2x17 1x15
3x20 2x15
2x20 3x17
3x20 1x17 1x15
1x20 1x17 3x15 1x11
3x20 2x17
4x20 1x15
3x17 3x15
4x20 1x17
4x17 2x15
1x20 2x17 3x15
5x20
1x1
2x1
1x3
1x3 1x1
1x3 2x1
2x3
2x3 1x1
1x8
1x8 1x1
1x10
1x11
1x12
1x10 1x3
1x11 1x3
1x12 1x3
2x8
2x8 1x1
1x10 1x8
1x19
2x10
1x11 1x10
2x11
1x12 1x11
2x12
2x11 1x3
1x10 2x8
1x19 1x8
2x10 1x8
1x19 1x10
1x19 1x11
1x19 1x12
2x11 1x10
3x11
1x12 2x11
2x12 1x11
3x12
1x19 1x10 1x8
2x19
1x19 2x10
1x19 1x11 1x10
1x19 2x11
1x19 1x12 1x11
1x19 2x12
4x11
1x12 3x11
2x19 1x8
3x12 1x11
2x19 1x10
2x19 1x11
2x19 1x12
1x19 2x11 1x10
1x19 3x11
1x19 1x12 2x11
1x19 2x12 1x11
1x19 3x12
2x19 1x10 1x8
3x19
2x19 2x10
2x19 1x11 1x10
2x19 2x11
2x19 1x12 1x11
2x19 2x12
1x19 4x11
1x19 1x12 3x11
3x19 1x8
1x19 3x12 1x11
3x19 1x10
3x19 1x11
3x19 1x12
2x19 2x11 1x10
2x19 3x11
2x19 1x12 2x11
2x19 2x12 1x11
2x19 3x12
3x19 1x10 1x8
4x19
3x19 2x10
3x19 1x11 1x10
3x19 2x11
3x19 1x12 1x11
3x19 2x12
2x19 4x11
2x19 1x12 3x11
4x19 1x8
2x19 3x12 1x11
4x19 1x10
4x19 1x11
4x19 1x12
3x19 2x11 1x10
3x19 3x11
3x19 1x12 2x11
3x19 2x12 1x11
3x19 3x12
4x19 1x10 1x8
5x19
4x19 2x10
4x19 1x11 1x10
4x19 2x11
4x19 1x12 1x11
4x19 2x12
1x1
2x1
1x3
1x3 1x1
1x3 2x1
1x6
1x6 1x1
1x6 2x1
1x6 1x3
1x6 1x3 1x1
1x6 1x3 2x1
2x6
2x6 1x1
2x6 2x1
1x15
1x15 1x1
1x15 2x1
1x18
1x19
1x20
1x15 1x6
1x19 1x3
1x20 1x3
1x18 1x6
1x19 1x6
1x20 1x6
1x15 2x6
1x19 1x6 1x3
1x20 1x6 1x3
2x15
2x15 1x1
1x20 2x6
1x18 1x15
1x19 1x15
1x20 1x15
2x18
1x19 1x18
2x19
1x20 1x19
2x20
2x19 1x3
2x18 1x6
1x19 1x18 1x6
2x19 1x6
3x15
2x20 1x6
2x19 1x6 1x3
1x18 2x15
1x19 2x15
1x20 2x15
2x18 1x15
1x19 1x18 1x15
2x19 1x15
3x18
1x19 2x18
2x19 1x18
3x19
1x20 2x19
2x20 1x19
3x20
1x19 2x18 1x6
2x19 1x18 1x6
1x18 3x15
1x19 3x15
1x20 3x15
2x18 2x15
1x19 1x18 2x15
2x19 2x15
3x18 1x15
1x19 2x18 1x15
2x19 1x18 1x15
4x18
1x19 3x18
2x19 2x18
3x19 1x18
4x19
1x20 3x19
2x20 2x19
3x20 1x19
4x20
2x18 3x15
1x19 1x18 3x15
2x19 3x15
3x18 2x15
1x19 2x18 2x15
2x19 1x18 2x15
4x18 1x15
1x19 3x18 1x15
2x19 2x18 1x15
5x18
1x19 4x18
2x19 3x18
3x19 2x18
4x19 1x18
5x19
1x20 4x19
2x20 3x19
3x20 2x19
4x20 1x19
5x20
1x1
2x1
1x3
1x3 1x1
1x5
2x3
2x3 1x1
1x5 1x3
3x3
2x5
1x5 2x3
4x3
1x13
1x14
1x14 1x1
1x13 1x3
1x17
1x13 1x5
1x19
1x17 1x3
1x13 1x5 1x3
1x17 1x5
1x13 2x5
1x19 1x5
1x17 1x5 1x3
2x13
1x14 1x13
2x14
2x13 1x3
1x17 1x13
1x17 1x14
1x19 1x13
1x19 1x14
2x17
1x17 1x13 1x5
1x19 1x17
2x17 1x3
2x19
3x13
1x14 2x13
2x14 1x13
3x14
1x17 2x13
1x17 1x14 1x13
1x17 2x14
1x19 1x14 1x13
2x17 1x13
2x17 1x14
1x19 1x17 1x13
1x19 1x17 1x14
3x17
2x19 1x14
1x19 2x17
2x14 2x13
2x19 1x17
4x14
3x19
1x17 2x14 1x13
1x17 3x14
2x17 2x13
2x17 1x14 1x13
2x17 2x14
1x19 1x17 1x14 1x13
3x17 1x13
3x17 1x14
1x19 2x17 1x13
1x19 2x17 1x14
4x17
2x19 1x17 1x14
1x19 3x17
3x19 1x14
2x19 2x17
1x17 4x14
3x19 1x17
2x17 2x14 1x13
4x19
3x17 2x13
3x17 1x14 1x13
3x17 2x14
1x19 2x17 1x14 1x13
4x17 1x13
4x17 1x14
1x19 3x17 1x13
1x19 3x17 1x14
5x17
2x19 2x17 1x14
1x19 4x17
3x19 1x17 1x14
2x19 3x17
4x19 1x14
3x19 2x17
3x17 2x14 1x13
4x19 1x17
4x17 2x13
5x19
4x17 2x14
1x19 3x17 1x14 1x13
5x17 1x13
5x17 1x14
1x19 4x17 1x13
1x1
1x2
1x3
1x4
1x3 1x2
2x3
1x7
1x8
1x7 1x2
1x10
1x7 1x4
1x8 1x4
1x10 1x3
2x7
1x8 1x7
2x8
1x10 1x7
1x10 1x8
1x8 1x7 1x4
2x10
3x7
1x8 2x7
2x8 1x7
3x8
1x10 1x8 1x7
1x10 2x8
2x10 1x7
2x10 1x8
1x8 3x7
3x10
3x8 1x7
4x8
1x10 2x8 1x7
1x10 3x8
2x10 1x8 1x7
2x10 2x8
3x10 1x7
3x10 1x8
4x8 1x7
4x10
1x10 3x8 1x7
1x10 4x8
2x10 2x8 1x7
2x10 3x8
3x10 1x8 1x7
3x10 2x8
4x10 1x7
4x10 1x8
1x10 4x8 1x7
5x10
2x10 3x8 1x7
2x10 4x8
3x10 2x8 1x7
3x10 3x8
4x10 1x8 1x7
4x10 2x8
5x10 1x7
5x10 1x8
2x10 4x8 1x7
6x10
3x10 3x8 1x7
3x10 4x8
4x10 2x8 1x7
4x10 3x8
5x10 1x8 1x7
5x10 2x8
6x10 1x7
6x10 1x8
3x10 4x8 1x7
7x10
4x10 3x8 1x7
4x10 4x8
5x10 2x8 1x7
5x10 3x8
6x10 1x8 1x7
6x10 2x8
7x10 1x7
7x10 1x8
4x10 4x8 1x7
8x10
5x10 3x8 1x7
5x10 4x8
6x10 2x8 1x7
6x10 3x8
7x10 1x8 1x7
7x10 2x8
8x10 1x7
8x10 1x8
5x10 4x8 1x7
9x10
6x10 3x8 1x7
6x10 4x8
7x10 2x8 1x7
7x10 3x8
8x10 1x8 1x7
8x10 2x8
9x10 1x7
9x10 1x8
6x10 4x8 1x7
10x10
1x1
2x1
3x1
4x1
5x1
1x6
1x6 1x1
1x6 2x1
1x6 3x1
1x6 4x1
1x11
1x12
1x12 1x1
1x14
1x14 1x1
1x14 2x1
1x11 1x6
1x18
1x18 1x1
1x20
1x20 1x1
2x11
1x12 1x11
2x12
1x14 1x11
1x14 1x12
1x14 1x12 1x1
2x14
1x18 1x11
1x18 1x12
1x20 1x11
1x18 1x14
3x11
1x20 1x14
2x12 1x11
2x18
1x14 1x12 1x11
1x20 1x18
2x14 1x11
2x20
1x18 1x12 1x11
3x14
1x18 1x14 1x11
1x18 1x14 1x12
1x20 1x14 1x11
1x18 2x14
2x18 1x11
2x18 1x12
1x20 1x18 1x11
2x18 1x14
2x20 1x11
1x20 1x18 1x14
3x14 1x11
3x18
1x18 1x14 1x12 1x11
1x20 2x18
1x18 2x14 1x11
2x20 1x18
2x18 1x12 1x11
3x20
2x18 1x14 1x11
2x18 1x14 1x12
1x20 1x18 1x14 1x11
2x18 2x14
3x18 1x11
3x18 1x12
1x20 2x18 1x11
3x18 1x14
2x20 1x18 1x11
1x20 2x18 1x14
3x20 1x11
4x18
2x18 1x14 1x12 1x11
1x20 3x18
2x18 2x14 1x11
2x20 2x18
3x18 1x12 1x11
3x20 1x18
3x18 1x14 1x11
4x20
1x20 2x18 1x14 1x11
3x18 2x14
4x18 1x11
4x18 1x12
1x20 3x18 1x11
4x18 1x14
2x20 2x18 1x11
1x20 3x18 1x14
3x20 1x18 1x11
5x18
4x20 1x11
1x20 4x18
3x18 2x14 1x11
2x20 3x18
4x18 1x12 1x11
3x20 2x18
4x18 1x14 1x11
4x20 1x18
1x20 3x18 1x14 1x11
5x20
1x1
2x1
3x1
4x1
5x1
1x6
1x7
1x7 1x1
1x7 2x1
1x7 3x1
1x11
2x6
1x7 1x6
2x7
1x15
1x16
1x17
1x11 1x7
1x7 2x6
2x7 1x6
1x15 1x6
2x11
1x16 1x7
1x17 1x7
1x11 2x7
1x15 1x11
1x16 1x11
1x17 1x11
2x11 1x7
2x15
1x16 1x15
2x16
1x17 1x16
2x17
1x17 1x11 1x7
2x15 1x6
1x15 2x11
1x16 2x11
2x16 1x7
1x17 1x16 1x7
2x15 1x11
1x16 1x15 1x11
2x16 1x11
1x17 1x16 1x11
3x15
1x16 2x15
2x16 1x15
3x16
1x17 2x16
2x17 1x16
3x17
2x15 2x11
1x16 1x15 2x11
2x16 2x11
3x16 1x7
3x15 1x11
1x16 2x15 1x11
2x16 1x15 1x11
3x16 1x11
4x15
1x16 3x15
2x16 2x15
3x16 1x15
4x16
1x17 3x16
2x17 2x16
3x17 1x16
4x17
2x16 1x15 2x11
3x16 2x11
4x15 1x11
1x16 3x15 1x11
2x16 2x15 1x11
3x16 1x15 1x11
5x15
1x16 4x15
2x16 3x15
3x16 2x15
4x16 1x15
5x16
1x17 4x16
2x17 3x16
3x17 2x16
4x17 1x16
5x17
5x15 1x11
1x16 4x15 1x11
2x16 3x15 1x11
3x16 2x15 1x11
6x15
1x16 5x15
2x16 4x15
3x16 3x15
4x16 2x15
5x16 1x15
6x16
1x17 5x16
2x17 4x16
3x17 3x16
4x17 2x16
